The system is: Linux - 4.14.0-115.35.1.3chaos.ch6a.ppc64le - ppc64le
Compiling the C compiler identification source file "CMakeCCompilerId.c" succeeded.
Compiler: /usr/tcetmp/bin/cc 
Build flags: 
Id flags:  

The output was:
0


Compilation of the C compiler identification source "CMakeCCompilerId.c" produced "a.out"

The C compiler identification is GNU, found in "/usr/workspace/iopp/software/tailorfs/reproduce/CMakeFiles/3.21.1/CompilerIdC/a.out"

Compiling the CXX compiler identification source file "CMakeCXXCompilerId.cpp" succeeded.
Compiler: /usr/tcetmp/bin/c++ 
Build flags: 
Id flags:  

The output was:
0


Compilation of the CXX compiler identification source "CMakeCXXCompilerId.cpp" produced "a.out"

The CXX compiler identification is GNU, found in "/usr/workspace/iopp/software/tailorfs/reproduce/CMakeFiles/3.21.1/CompilerIdCXX/a.out"

The system is: Linux - 4.14.0-115.35.1.3chaos.ch6a.ppc64le - ppc64le
Compiling the C compiler identification source file "CMakeCCompilerId.c" succeeded.
Compiler: /usr/tce/packages/gcc/gcc-8.3.1/bin/cc 
Build flags: 
Id flags:  

The output was:
0


Compilation of the C compiler identification source "CMakeCCompilerId.c" produced "a.out"

The C compiler identification is GNU, found in "/usr/workspace/iopp/software/tailorfs/reproduce/CMakeFiles/3.21.1/CompilerIdC/a.out"

Compiling the CXX compiler identification source file "CMakeCXXCompilerId.cpp" succeeded.
Compiler: /usr/tce/packages/gcc/gcc-8.3.1/bin/c++ 
Build flags: 
Id flags:  

The output was:
0


Compilation of the CXX compiler identification source "CMakeCXXCompilerId.cpp" produced "a.out"

The CXX compiler identification is GNU, found in "/usr/workspace/iopp/software/tailorfs/reproduce/CMakeFiles/3.21.1/CompilerIdCXX/a.out"

Detecting C compiler ABI info compiled with the following output:
Change Dir: /usr/workspace/iopp/software/tailorfs/reproduce/CMakeFiles/CMakeTmp

Run Build Command(s):/usr/tcetmp/bin/gmake -f Makefile cmTC_848e6/fast && /usr/tcetmp/bin/gmake  -f CMakeFiles/cmTC_848e6.dir/build.make CMakeFiles/cmTC_848e6.dir/build
gmake[1]: Entering directory '/usr/WS2/iopp/software/tailorfs/reproduce/CMakeFiles/CMakeTmp'
Building C object CMakeFiles/cmTC_848e6.dir/CMakeCCompilerABI.c.o
/usr/tce/packages/gcc/gcc-8.3.1/bin/cc   -v -o CMakeFiles/cmTC_848e6.dir/CMakeCCompilerABI.c.o -c /usr/tce/packages/cmake/cmake-3.21.1/share/cmake/Modules/CMakeCCompilerABI.c
Using built-in specs.
COLLECT_GCC=/usr/tce/packages/gcc/gcc-8.3.1/rh/bin/cc
Target: ppc64le-redhat-linux
Configured with: ../configure --enable-bootstrap --enable-languages=c,c++,fortran,lto --prefix=/opt/rh/devtoolset-8/root/usr --mandir=/opt/rh/devtoolset-8/root/usr/share/man --infodir=/opt/rh/devtoolset-8/root/usr/share/info --with-bugurl=http://bugzilla.redhat.com/bugzilla --enable-shared --enable-threads=posix --enable-checking=release --enable-targets=powerpcle-linux --disable-multilib --with-system-zlib --enable-__cxa_atexit --disable-libunwind-exceptions --enable-gnu-unique-object --enable-linker-build-id --with-gcc-major-version-only --with-linker-hash-style=gnu --with-default-libstdcxx-abi=gcc4-compatible --enable-plugin --enable-initfini-array --with-isl=/builddir/build/BUILD/gcc-8.3.1-20190311/obj-ppc64le-redhat-linux/isl-install --disable-libmpx --enable-gnu-indirect-function --enable-secureplt --with-long-double-128 --with-cpu-32=power8 --with-tune-32=power8 --with-cpu-64=power8 --with-tune-64=power8 --build=ppc64le-redhat-linux
Thread model: posix
gcc version 8.3.1 20190311 (Red Hat 8.3.1-3) (GCC) 
COLLECT_GCC_OPTIONS='-v' '-o' 'CMakeFiles/cmTC_848e6.dir/CMakeCCompilerABI.c.o' '-c' '-mtune=power8' '-mcpu=power8'
 /usr/tce/packages/gcc/gcc-8.3.1/rh/usr/bin/../libexec/gcc/ppc64le-redhat-linux/8/cc1 -quiet -v -iprefix /usr/tce/packages/gcc/gcc-8.3.1/rh/usr/bin/../lib/gcc/ppc64le-redhat-linux/8/ -D__unix__ -D__gnu_linux__ -D__linux__ -Dunix -D__unix -Dlinux -D__linux -Asystem=linux -Asystem=unix -Asystem=posix /usr/tce/packages/cmake/cmake-3.21.1/share/cmake/Modules/CMakeCCompilerABI.c -msecure-plt -quiet -dumpbase CMakeCCompilerABI.c -mtune=power8 -mcpu=power8 -auxbase-strip CMakeFiles/cmTC_848e6.dir/CMakeCCompilerABI.c.o -version -o /var/tmp/cc32xQPi.s
GNU C17 (GCC) version 8.3.1 20190311 (Red Hat 8.3.1-3) (ppc64le-redhat-linux)
	compiled by GNU C version 8.3.1 20190311 (Red Hat 8.3.1-3), GMP version 6.0.0, MPFR version 3.1.1, MPC version 1.0.1, isl version isl-0.16.1-GMP

GGC heuristics: --param ggc-min-expand=100 --param ggc-min-heapsize=131072
ignoring nonexistent directory "/usr/tce/packages/gcc/gcc-8.3.1/rh/usr/bin/../lib/gcc/ppc64le-redhat-linux/8/include-fixed"
ignoring nonexistent directory "/usr/tce/packages/gcc/gcc-8.3.1/rh/usr/bin/../lib/gcc/ppc64le-redhat-linux/8/../../../../ppc64le-redhat-linux/include"
ignoring duplicate directory "/usr/tce/packages/gcc/gcc-8.3.1/rh/usr/bin/../lib/gcc/../../lib/gcc/ppc64le-redhat-linux/8/include"
ignoring nonexistent directory "/usr/tce/packages/gcc/gcc-8.3.1/rh/usr/bin/../lib/gcc/../../lib/gcc/ppc64le-redhat-linux/8/include-fixed"
ignoring nonexistent directory "/usr/tce/packages/gcc/gcc-8.3.1/rh/usr/bin/../lib/gcc/../../lib/gcc/ppc64le-redhat-linux/8/../../../../ppc64le-redhat-linux/include"
#include "..." search starts here:
#include <...> search starts here:
 /usr/tce/packages/gcc/gcc-8.3.1/rh/usr/bin/../lib/gcc/ppc64le-redhat-linux/8/include
 /usr/local/include
 /usr/tce/packages/gcc/gcc-8.3.1/rh/usr/bin/../lib/gcc/../../include
 /usr/include
End of search list.
GNU C17 (GCC) version 8.3.1 20190311 (Red Hat 8.3.1-3) (ppc64le-redhat-linux)
	compiled by GNU C version 8.3.1 20190311 (Red Hat 8.3.1-3), GMP version 6.0.0, MPFR version 3.1.1, MPC version 1.0.1, isl version isl-0.16.1-GMP

GGC heuristics: --param ggc-min-expand=100 --param ggc-min-heapsize=131072
Compiler executable checksum: 1f3c2757706e2c5c096afc6f8e5af70e
COLLECT_GCC_OPTIONS='-v' '-o' 'CMakeFiles/cmTC_848e6.dir/CMakeCCompilerABI.c.o' '-c' '-mtune=power8' '-mcpu=power8'
 /usr/tce/packages/gcc/gcc-8.3.1/rh/usr/bin/../libexec/gcc/ppc64le-redhat-linux/8/as -v -a64 -mpower8 -many -mlittle -o CMakeFiles/cmTC_848e6.dir/CMakeCCompilerABI.c.o /var/tmp/cc32xQPi.s
GNU assembler version 2.30 (ppc64le-redhat-linux) using BFD version version 2.30-54.el7
COMPILER_PATH=/usr/tce/packages/gcc/gcc-8.3.1/rh/usr/bin/../libexec/gcc/ppc64le-redhat-linux/8/:/usr/tce/packages/gcc/gcc-8.3.1/rh/usr/bin/../libexec/gcc/
LIBRARY_PATH=/usr/tce/packages/gcc/gcc-8.3.1/rh/usr/bin/../lib/gcc/ppc64le-redhat-linux/8/:/usr/tce/packages/gcc/gcc-8.3.1/rh/usr/bin/../lib/gcc/:/usr/tce/packages/gcc/gcc-8.3.1/rh/usr/bin/../lib/gcc/ppc64le-redhat-linux/8/../../../../lib64/:/lib/../lib64/:/usr/lib/../lib64/:/usr/tce/packages/gcc/gcc-8.3.1/rh/usr/bin/../lib/gcc/ppc64le-redhat-linux/8/../../../:/lib/:/usr/lib/
COLLECT_GCC_OPTIONS='-v' '-o' 'CMakeFiles/cmTC_848e6.dir/CMakeCCompilerABI.c.o' '-c' '-mtune=power8' '-mcpu=power8'
Linking C executable cmTC_848e6
/usr/tce/packages/cmake/cmake-3.21.1/bin/cmake -E cmake_link_script CMakeFiles/cmTC_848e6.dir/link.txt --verbose=1
/usr/tce/packages/gcc/gcc-8.3.1/bin/cc  -v -rdynamic CMakeFiles/cmTC_848e6.dir/CMakeCCompilerABI.c.o -o cmTC_848e6 
Using built-in specs.
COLLECT_GCC=/usr/tce/packages/gcc/gcc-8.3.1/rh/bin/cc
COLLECT_LTO_WRAPPER=/usr/tce/packages/gcc/gcc-8.3.1/rh/usr/bin/../libexec/gcc/ppc64le-redhat-linux/8/lto-wrapper
Target: ppc64le-redhat-linux
Configured with: ../configure --enable-bootstrap --enable-languages=c,c++,fortran,lto --prefix=/opt/rh/devtoolset-8/root/usr --mandir=/opt/rh/devtoolset-8/root/usr/share/man --infodir=/opt/rh/devtoolset-8/root/usr/share/info --with-bugurl=http://bugzilla.redhat.com/bugzilla --enable-shared --enable-threads=posix --enable-checking=release --enable-targets=powerpcle-linux --disable-multilib --with-system-zlib --enable-__cxa_atexit --disable-libunwind-exceptions --enable-gnu-unique-object --enable-linker-build-id --with-gcc-major-version-only --with-linker-hash-style=gnu --with-default-libstdcxx-abi=gcc4-compatible --enable-plugin --enable-initfini-array --with-isl=/builddir/build/BUILD/gcc-8.3.1-20190311/obj-ppc64le-redhat-linux/isl-install --disable-libmpx --enable-gnu-indirect-function --enable-secureplt --with-long-double-128 --with-cpu-32=power8 --with-tune-32=power8 --with-cpu-64=power8 --with-tune-64=power8 --build=ppc64le-redhat-linux
Thread model: posix
gcc version 8.3.1 20190311 (Red Hat 8.3.1-3) (GCC) 
COMPILER_PATH=/usr/tce/packages/gcc/gcc-8.3.1/rh/usr/bin/../libexec/gcc/ppc64le-redhat-linux/8/:/usr/tce/packages/gcc/gcc-8.3.1/rh/usr/bin/../libexec/gcc/
LIBRARY_PATH=/usr/tce/packages/gcc/gcc-8.3.1/rh/usr/bin/../lib/gcc/ppc64le-redhat-linux/8/:/usr/tce/packages/gcc/gcc-8.3.1/rh/usr/bin/../lib/gcc/:/usr/tce/packages/gcc/gcc-8.3.1/rh/usr/bin/../lib/gcc/ppc64le-redhat-linux/8/../../../../lib64/:/lib/../lib64/:/usr/lib/../lib64/:/usr/tce/packages/gcc/gcc-8.3.1/rh/usr/bin/../lib/gcc/ppc64le-redhat-linux/8/../../../:/lib/:/usr/lib/
COLLECT_GCC_OPTIONS='-v' '-rdynamic' '-o' 'cmTC_848e6' '-mtune=power8' '-mcpu=power8'
 /usr/tce/packages/gcc/gcc-8.3.1/rh/usr/bin/../libexec/gcc/ppc64le-redhat-linux/8/collect2 -plugin /usr/tce/packages/gcc/gcc-8.3.1/rh/usr/bin/../libexec/gcc/ppc64le-redhat-linux/8/liblto_plugin.so -plugin-opt=/usr/tce/packages/gcc/gcc-8.3.1/rh/usr/bin/../libexec/gcc/ppc64le-redhat-linux/8/lto-wrapper -plugin-opt=-fresolution=/var/tmp/cckBBtJs.res -plugin-opt=-pass-through=-lgcc -plugin-opt=-pass-through=-lgcc_s -plugin-opt=-pass-through=-lc -plugin-opt=-pass-through=-lgcc -plugin-opt=-pass-through=-lgcc_s --build-id --no-add-needed --eh-frame-hdr --hash-style=gnu -V -m elf64lppc -export-dynamic -dynamic-linker /lib64/ld64.so.2 -o cmTC_848e6 /lib/../lib64/crt1.o /lib/../lib64/crti.o /usr/tce/packages/gcc/gcc-8.3.1/rh/usr/bin/../lib/gcc/ppc64le-redhat-linux/8/crtbegin.o -L/usr/tce/packages/gcc/gcc-8.3.1/rh/usr/bin/../lib/gcc/ppc64le-redhat-linux/8 -L/usr/tce/packages/gcc/gcc-8.3.1/rh/usr/bin/../lib/gcc -L/usr/tce/packages/gcc/gcc-8.3.1/rh/usr/bin/../lib/gcc/ppc64le-redhat-linux/8/../../../../lib64 -L/lib/../lib64 -L/usr/lib/../lib64 -L/usr/tce/packages/gcc/gcc-8.3.1/rh/usr/bin/../lib/gcc/ppc64le-redhat-linux/8/../../.. CMakeFiles/cmTC_848e6.dir/CMakeCCompilerABI.c.o -lgcc --as-needed -lgcc_s --no-as-needed -lc -lgcc --as-needed -lgcc_s --no-as-needed /usr/tce/packages/gcc/gcc-8.3.1/rh/usr/bin/../lib/gcc/ppc64le-redhat-linux/8/crtend.o /lib/../lib64/crtn.o
GNU ld version 2.30-55.el7.2
  Supported emulations:
   elf64lppc
   elf32lppc
   elf32lppclinux
   elf32lppcsim
   elf64ppc
   elf32ppc
   elf32ppclinux
   elf32ppcsim
COLLECT_GCC_OPTIONS='-v' '-rdynamic' '-o' 'cmTC_848e6' '-mtune=power8' '-mcpu=power8'
gmake[1]: Leaving directory '/usr/WS2/iopp/software/tailorfs/reproduce/CMakeFiles/CMakeTmp'



Parsed C implicit include dir info from above output: rv=done
  found start of include info
  found start of implicit include info
    add: [/usr/tce/packages/gcc/gcc-8.3.1/rh/usr/bin/../lib/gcc/ppc64le-redhat-linux/8/include]
    add: [/usr/local/include]
    add: [/usr/tce/packages/gcc/gcc-8.3.1/rh/usr/bin/../lib/gcc/../../include]
    add: [/usr/include]
  end of search list found
  collapse include dir [/usr/tce/packages/gcc/gcc-8.3.1/rh/usr/bin/../lib/gcc/ppc64le-redhat-linux/8/include] ==> [/usr/tce/packages/gcc/gcc-8.3.1/rh/usr/lib/gcc/ppc64le-redhat-linux/8/include]
  collapse include dir [/usr/local/include] ==> [/usr/local/include]
  collapse include dir [/usr/tce/packages/gcc/gcc-8.3.1/rh/usr/bin/../lib/gcc/../../include] ==> [/usr/tce/packages/gcc/gcc-8.3.1/rh/usr/include]
  collapse include dir [/usr/include] ==> [/usr/include]
  implicit include dirs: [/usr/tce/packages/gcc/gcc-8.3.1/rh/usr/lib/gcc/ppc64le-redhat-linux/8/include;/usr/local/include;/usr/tce/packages/gcc/gcc-8.3.1/rh/usr/include;/usr/include]


Parsed C implicit link information from above output:
  link line regex: [^( *|.*[/\])(ld|CMAKE_LINK_STARTFILE-NOTFOUND|([^/\]+-)?ld|collect2)[^/\]*( |$)]
  ignore line: [Change Dir: /usr/workspace/iopp/software/tailorfs/reproduce/CMakeFiles/CMakeTmp]
  ignore line: []
  ignore line: [Run Build Command(s):/usr/tcetmp/bin/gmake -f Makefile cmTC_848e6/fast && /usr/tcetmp/bin/gmake  -f CMakeFiles/cmTC_848e6.dir/build.make CMakeFiles/cmTC_848e6.dir/build]
  ignore line: [gmake[1]: Entering directory '/usr/WS2/iopp/software/tailorfs/reproduce/CMakeFiles/CMakeTmp']
  ignore line: [Building C object CMakeFiles/cmTC_848e6.dir/CMakeCCompilerABI.c.o]
  ignore line: [/usr/tce/packages/gcc/gcc-8.3.1/bin/cc   -v -o CMakeFiles/cmTC_848e6.dir/CMakeCCompilerABI.c.o -c /usr/tce/packages/cmake/cmake-3.21.1/share/cmake/Modules/CMakeCCompilerABI.c]
  ignore line: [Using built-in specs.]
  ignore line: [COLLECT_GCC=/usr/tce/packages/gcc/gcc-8.3.1/rh/bin/cc]
  ignore line: [Target: ppc64le-redhat-linux]
  ignore line: [Configured with: ../configure --enable-bootstrap --enable-languages=c c++ fortran lto --prefix=/opt/rh/devtoolset-8/root/usr --mandir=/opt/rh/devtoolset-8/root/usr/share/man --infodir=/opt/rh/devtoolset-8/root/usr/share/info --with-bugurl=http://bugzilla.redhat.com/bugzilla --enable-shared --enable-threads=posix --enable-checking=release --enable-targets=powerpcle-linux --disable-multilib --with-system-zlib --enable-__cxa_atexit --disable-libunwind-exceptions --enable-gnu-unique-object --enable-linker-build-id --with-gcc-major-version-only --with-linker-hash-style=gnu --with-default-libstdcxx-abi=gcc4-compatible --enable-plugin --enable-initfini-array --with-isl=/builddir/build/BUILD/gcc-8.3.1-20190311/obj-ppc64le-redhat-linux/isl-install --disable-libmpx --enable-gnu-indirect-function --enable-secureplt --with-long-double-128 --with-cpu-32=power8 --with-tune-32=power8 --with-cpu-64=power8 --with-tune-64=power8 --build=ppc64le-redhat-linux]
  ignore line: [Thread model: posix]
  ignore line: [gcc version 8.3.1 20190311 (Red Hat 8.3.1-3) (GCC) ]
  ignore line: [COLLECT_GCC_OPTIONS='-v' '-o' 'CMakeFiles/cmTC_848e6.dir/CMakeCCompilerABI.c.o' '-c' '-mtune=power8' '-mcpu=power8']
  ignore line: [ /usr/tce/packages/gcc/gcc-8.3.1/rh/usr/bin/../libexec/gcc/ppc64le-redhat-linux/8/cc1 -quiet -v -iprefix /usr/tce/packages/gcc/gcc-8.3.1/rh/usr/bin/../lib/gcc/ppc64le-redhat-linux/8/ -D__unix__ -D__gnu_linux__ -D__linux__ -Dunix -D__unix -Dlinux -D__linux -Asystem=linux -Asystem=unix -Asystem=posix /usr/tce/packages/cmake/cmake-3.21.1/share/cmake/Modules/CMakeCCompilerABI.c -msecure-plt -quiet -dumpbase CMakeCCompilerABI.c -mtune=power8 -mcpu=power8 -auxbase-strip CMakeFiles/cmTC_848e6.dir/CMakeCCompilerABI.c.o -version -o /var/tmp/cc32xQPi.s]
  ignore line: [GNU C17 (GCC) version 8.3.1 20190311 (Red Hat 8.3.1-3) (ppc64le-redhat-linux)]
  ignore line: [	compiled by GNU C version 8.3.1 20190311 (Red Hat 8.3.1-3)  GMP version 6.0.0  MPFR version 3.1.1  MPC version 1.0.1  isl version isl-0.16.1-GMP]
  ignore line: []
  ignore line: [GGC heuristics: --param ggc-min-expand=100 --param ggc-min-heapsize=131072]
  ignore line: [ignoring nonexistent directory "/usr/tce/packages/gcc/gcc-8.3.1/rh/usr/bin/../lib/gcc/ppc64le-redhat-linux/8/include-fixed"]
  ignore line: [ignoring nonexistent directory "/usr/tce/packages/gcc/gcc-8.3.1/rh/usr/bin/../lib/gcc/ppc64le-redhat-linux/8/../../../../ppc64le-redhat-linux/include"]
  ignore line: [ignoring duplicate directory "/usr/tce/packages/gcc/gcc-8.3.1/rh/usr/bin/../lib/gcc/../../lib/gcc/ppc64le-redhat-linux/8/include"]
  ignore line: [ignoring nonexistent directory "/usr/tce/packages/gcc/gcc-8.3.1/rh/usr/bin/../lib/gcc/../../lib/gcc/ppc64le-redhat-linux/8/include-fixed"]
  ignore line: [ignoring nonexistent directory "/usr/tce/packages/gcc/gcc-8.3.1/rh/usr/bin/../lib/gcc/../../lib/gcc/ppc64le-redhat-linux/8/../../../../ppc64le-redhat-linux/include"]
  ignore line: [#include "..." search starts here:]
  ignore line: [#include <...> search starts here:]
  ignore line: [ /usr/tce/packages/gcc/gcc-8.3.1/rh/usr/bin/../lib/gcc/ppc64le-redhat-linux/8/include]
  ignore line: [ /usr/local/include]
  ignore line: [ /usr/tce/packages/gcc/gcc-8.3.1/rh/usr/bin/../lib/gcc/../../include]
  ignore line: [ /usr/include]
  ignore line: [End of search list.]
  ignore line: [GNU C17 (GCC) version 8.3.1 20190311 (Red Hat 8.3.1-3) (ppc64le-redhat-linux)]
  ignore line: [	compiled by GNU C version 8.3.1 20190311 (Red Hat 8.3.1-3)  GMP version 6.0.0  MPFR version 3.1.1  MPC version 1.0.1  isl version isl-0.16.1-GMP]
  ignore line: []
  ignore line: [GGC heuristics: --param ggc-min-expand=100 --param ggc-min-heapsize=131072]
  ignore line: [Compiler executable checksum: 1f3c2757706e2c5c096afc6f8e5af70e]
  ignore line: [COLLECT_GCC_OPTIONS='-v' '-o' 'CMakeFiles/cmTC_848e6.dir/CMakeCCompilerABI.c.o' '-c' '-mtune=power8' '-mcpu=power8']
  ignore line: [ /usr/tce/packages/gcc/gcc-8.3.1/rh/usr/bin/../libexec/gcc/ppc64le-redhat-linux/8/as -v -a64 -mpower8 -many -mlittle -o CMakeFiles/cmTC_848e6.dir/CMakeCCompilerABI.c.o /var/tmp/cc32xQPi.s]
  ignore line: [GNU assembler version 2.30 (ppc64le-redhat-linux) using BFD version version 2.30-54.el7]
  ignore line: [COMPILER_PATH=/usr/tce/packages/gcc/gcc-8.3.1/rh/usr/bin/../libexec/gcc/ppc64le-redhat-linux/8/:/usr/tce/packages/gcc/gcc-8.3.1/rh/usr/bin/../libexec/gcc/]
  ignore line: [LIBRARY_PATH=/usr/tce/packages/gcc/gcc-8.3.1/rh/usr/bin/../lib/gcc/ppc64le-redhat-linux/8/:/usr/tce/packages/gcc/gcc-8.3.1/rh/usr/bin/../lib/gcc/:/usr/tce/packages/gcc/gcc-8.3.1/rh/usr/bin/../lib/gcc/ppc64le-redhat-linux/8/../../../../lib64/:/lib/../lib64/:/usr/lib/../lib64/:/usr/tce/packages/gcc/gcc-8.3.1/rh/usr/bin/../lib/gcc/ppc64le-redhat-linux/8/../../../:/lib/:/usr/lib/]
  ignore line: [COLLECT_GCC_OPTIONS='-v' '-o' 'CMakeFiles/cmTC_848e6.dir/CMakeCCompilerABI.c.o' '-c' '-mtune=power8' '-mcpu=power8']
  ignore line: [Linking C executable cmTC_848e6]
  ignore line: [/usr/tce/packages/cmake/cmake-3.21.1/bin/cmake -E cmake_link_script CMakeFiles/cmTC_848e6.dir/link.txt --verbose=1]
  ignore line: [/usr/tce/packages/gcc/gcc-8.3.1/bin/cc  -v -rdynamic CMakeFiles/cmTC_848e6.dir/CMakeCCompilerABI.c.o -o cmTC_848e6 ]
  ignore line: [Using built-in specs.]
  ignore line: [COLLECT_GCC=/usr/tce/packages/gcc/gcc-8.3.1/rh/bin/cc]
  ignore line: [COLLECT_LTO_WRAPPER=/usr/tce/packages/gcc/gcc-8.3.1/rh/usr/bin/../libexec/gcc/ppc64le-redhat-linux/8/lto-wrapper]
  ignore line: [Target: ppc64le-redhat-linux]
  ignore line: [Configured with: ../configure --enable-bootstrap --enable-languages=c c++ fortran lto --prefix=/opt/rh/devtoolset-8/root/usr --mandir=/opt/rh/devtoolset-8/root/usr/share/man --infodir=/opt/rh/devtoolset-8/root/usr/share/info --with-bugurl=http://bugzilla.redhat.com/bugzilla --enable-shared --enable-threads=posix --enable-checking=release --enable-targets=powerpcle-linux --disable-multilib --with-system-zlib --enable-__cxa_atexit --disable-libunwind-exceptions --enable-gnu-unique-object --enable-linker-build-id --with-gcc-major-version-only --with-linker-hash-style=gnu --with-default-libstdcxx-abi=gcc4-compatible --enable-plugin --enable-initfini-array --with-isl=/builddir/build/BUILD/gcc-8.3.1-20190311/obj-ppc64le-redhat-linux/isl-install --disable-libmpx --enable-gnu-indirect-function --enable-secureplt --with-long-double-128 --with-cpu-32=power8 --with-tune-32=power8 --with-cpu-64=power8 --with-tune-64=power8 --build=ppc64le-redhat-linux]
  ignore line: [Thread model: posix]
  ignore line: [gcc version 8.3.1 20190311 (Red Hat 8.3.1-3) (GCC) ]
  ignore line: [COMPILER_PATH=/usr/tce/packages/gcc/gcc-8.3.1/rh/usr/bin/../libexec/gcc/ppc64le-redhat-linux/8/:/usr/tce/packages/gcc/gcc-8.3.1/rh/usr/bin/../libexec/gcc/]
  ignore line: [LIBRARY_PATH=/usr/tce/packages/gcc/gcc-8.3.1/rh/usr/bin/../lib/gcc/ppc64le-redhat-linux/8/:/usr/tce/packages/gcc/gcc-8.3.1/rh/usr/bin/../lib/gcc/:/usr/tce/packages/gcc/gcc-8.3.1/rh/usr/bin/../lib/gcc/ppc64le-redhat-linux/8/../../../../lib64/:/lib/../lib64/:/usr/lib/../lib64/:/usr/tce/packages/gcc/gcc-8.3.1/rh/usr/bin/../lib/gcc/ppc64le-redhat-linux/8/../../../:/lib/:/usr/lib/]
  ignore line: [COLLECT_GCC_OPTIONS='-v' '-rdynamic' '-o' 'cmTC_848e6' '-mtune=power8' '-mcpu=power8']
  link line: [ /usr/tce/packages/gcc/gcc-8.3.1/rh/usr/bin/../libexec/gcc/ppc64le-redhat-linux/8/collect2 -plugin /usr/tce/packages/gcc/gcc-8.3.1/rh/usr/bin/../libexec/gcc/ppc64le-redhat-linux/8/liblto_plugin.so -plugin-opt=/usr/tce/packages/gcc/gcc-8.3.1/rh/usr/bin/../libexec/gcc/ppc64le-redhat-linux/8/lto-wrapper -plugin-opt=-fresolution=/var/tmp/cckBBtJs.res -plugin-opt=-pass-through=-lgcc -plugin-opt=-pass-through=-lgcc_s -plugin-opt=-pass-through=-lc -plugin-opt=-pass-through=-lgcc -plugin-opt=-pass-through=-lgcc_s --build-id --no-add-needed --eh-frame-hdr --hash-style=gnu -V -m elf64lppc -export-dynamic -dynamic-linker /lib64/ld64.so.2 -o cmTC_848e6 /lib/../lib64/crt1.o /lib/../lib64/crti.o /usr/tce/packages/gcc/gcc-8.3.1/rh/usr/bin/../lib/gcc/ppc64le-redhat-linux/8/crtbegin.o -L/usr/tce/packages/gcc/gcc-8.3.1/rh/usr/bin/../lib/gcc/ppc64le-redhat-linux/8 -L/usr/tce/packages/gcc/gcc-8.3.1/rh/usr/bin/../lib/gcc -L/usr/tce/packages/gcc/gcc-8.3.1/rh/usr/bin/../lib/gcc/ppc64le-redhat-linux/8/../../../../lib64 -L/lib/../lib64 -L/usr/lib/../lib64 -L/usr/tce/packages/gcc/gcc-8.3.1/rh/usr/bin/../lib/gcc/ppc64le-redhat-linux/8/../../.. CMakeFiles/cmTC_848e6.dir/CMakeCCompilerABI.c.o -lgcc --as-needed -lgcc_s --no-as-needed -lc -lgcc --as-needed -lgcc_s --no-as-needed /usr/tce/packages/gcc/gcc-8.3.1/rh/usr/bin/../lib/gcc/ppc64le-redhat-linux/8/crtend.o /lib/../lib64/crtn.o]
    arg [/usr/tce/packages/gcc/gcc-8.3.1/rh/usr/bin/../libexec/gcc/ppc64le-redhat-linux/8/collect2] ==> ignore
    arg [-plugin] ==> ignore
    arg [/usr/tce/packages/gcc/gcc-8.3.1/rh/usr/bin/../libexec/gcc/ppc64le-redhat-linux/8/liblto_plugin.so] ==> ignore
    arg [-plugin-opt=/usr/tce/packages/gcc/gcc-8.3.1/rh/usr/bin/../libexec/gcc/ppc64le-redhat-linux/8/lto-wrapper] ==> ignore
    arg [-plugin-opt=-fresolution=/var/tmp/cckBBtJs.res] ==> ignore
    arg [-plugin-opt=-pass-through=-lgcc] ==> ignore
    arg [-plugin-opt=-pass-through=-lgcc_s] ==> ignore
    arg [-plugin-opt=-pass-through=-lc] ==> ignore
    arg [-plugin-opt=-pass-through=-lgcc] ==> ignore
    arg [-plugin-opt=-pass-through=-lgcc_s] ==> ignore
    arg [--build-id] ==> ignore
    arg [--no-add-needed] ==> ignore
    arg [--eh-frame-hdr] ==> ignore
    arg [--hash-style=gnu] ==> ignore
    arg [-V] ==> ignore
    arg [-m] ==> ignore
    arg [elf64lppc] ==> ignore
    arg [-export-dynamic] ==> ignore
    arg [-dynamic-linker] ==> ignore
    arg [/lib64/ld64.so.2] ==> ignore
    arg [-o] ==> ignore
    arg [cmTC_848e6] ==> ignore
    arg [/lib/../lib64/crt1.o] ==> obj [/lib/../lib64/crt1.o]
    arg [/lib/../lib64/crti.o] ==> obj [/lib/../lib64/crti.o]
    arg [/usr/tce/packages/gcc/gcc-8.3.1/rh/usr/bin/../lib/gcc/ppc64le-redhat-linux/8/crtbegin.o] ==> obj [/usr/tce/packages/gcc/gcc-8.3.1/rh/usr/bin/../lib/gcc/ppc64le-redhat-linux/8/crtbegin.o]
    arg [-L/usr/tce/packages/gcc/gcc-8.3.1/rh/usr/bin/../lib/gcc/ppc64le-redhat-linux/8] ==> dir [/usr/tce/packages/gcc/gcc-8.3.1/rh/usr/bin/../lib/gcc/ppc64le-redhat-linux/8]
    arg [-L/usr/tce/packages/gcc/gcc-8.3.1/rh/usr/bin/../lib/gcc] ==> dir [/usr/tce/packages/gcc/gcc-8.3.1/rh/usr/bin/../lib/gcc]
    arg [-L/usr/tce/packages/gcc/gcc-8.3.1/rh/usr/bin/../lib/gcc/ppc64le-redhat-linux/8/../../../../lib64] ==> dir [/usr/tce/packages/gcc/gcc-8.3.1/rh/usr/bin/../lib/gcc/ppc64le-redhat-linux/8/../../../../lib64]
    arg [-L/lib/../lib64] ==> dir [/lib/../lib64]
    arg [-L/usr/lib/../lib64] ==> dir [/usr/lib/../lib64]
    arg [-L/usr/tce/packages/gcc/gcc-8.3.1/rh/usr/bin/../lib/gcc/ppc64le-redhat-linux/8/../../..] ==> dir [/usr/tce/packages/gcc/gcc-8.3.1/rh/usr/bin/../lib/gcc/ppc64le-redhat-linux/8/../../..]
    arg [CMakeFiles/cmTC_848e6.dir/CMakeCCompilerABI.c.o] ==> ignore
    arg [-lgcc] ==> lib [gcc]
    arg [--as-needed] ==> ignore
    arg [-lgcc_s] ==> lib [gcc_s]
    arg [--no-as-needed] ==> ignore
    arg [-lc] ==> lib [c]
    arg [-lgcc] ==> lib [gcc]
    arg [--as-needed] ==> ignore
    arg [-lgcc_s] ==> lib [gcc_s]
    arg [--no-as-needed] ==> ignore
    arg [/usr/tce/packages/gcc/gcc-8.3.1/rh/usr/bin/../lib/gcc/ppc64le-redhat-linux/8/crtend.o] ==> obj [/usr/tce/packages/gcc/gcc-8.3.1/rh/usr/bin/../lib/gcc/ppc64le-redhat-linux/8/crtend.o]
    arg [/lib/../lib64/crtn.o] ==> obj [/lib/../lib64/crtn.o]
  collapse obj [/lib/../lib64/crt1.o] ==> [/lib64/crt1.o]
  collapse obj [/lib/../lib64/crti.o] ==> [/lib64/crti.o]
  collapse obj [/usr/tce/packages/gcc/gcc-8.3.1/rh/usr/bin/../lib/gcc/ppc64le-redhat-linux/8/crtbegin.o] ==> [/usr/tce/packages/gcc/gcc-8.3.1/rh/usr/lib/gcc/ppc64le-redhat-linux/8/crtbegin.o]
  collapse obj [/usr/tce/packages/gcc/gcc-8.3.1/rh/usr/bin/../lib/gcc/ppc64le-redhat-linux/8/crtend.o] ==> [/usr/tce/packages/gcc/gcc-8.3.1/rh/usr/lib/gcc/ppc64le-redhat-linux/8/crtend.o]
  collapse obj [/lib/../lib64/crtn.o] ==> [/lib64/crtn.o]
  collapse library dir [/usr/tce/packages/gcc/gcc-8.3.1/rh/usr/bin/../lib/gcc/ppc64le-redhat-linux/8] ==> [/usr/tce/packages/gcc/gcc-8.3.1/rh/usr/lib/gcc/ppc64le-redhat-linux/8]
  collapse library dir [/usr/tce/packages/gcc/gcc-8.3.1/rh/usr/bin/../lib/gcc] ==> [/usr/tce/packages/gcc/gcc-8.3.1/rh/usr/lib/gcc]
  collapse library dir [/usr/tce/packages/gcc/gcc-8.3.1/rh/usr/bin/../lib/gcc/ppc64le-redhat-linux/8/../../../../lib64] ==> [/usr/tce/packages/gcc/gcc-8.3.1/rh/usr/lib64]
  collapse library dir [/lib/../lib64] ==> [/lib64]
  collapse library dir [/usr/lib/../lib64] ==> [/usr/lib64]
  collapse library dir [/usr/tce/packages/gcc/gcc-8.3.1/rh/usr/bin/../lib/gcc/ppc64le-redhat-linux/8/../../..] ==> [/usr/tce/packages/gcc/gcc-8.3.1/rh/usr/lib]
  implicit libs: [gcc;gcc_s;c;gcc;gcc_s]
  implicit objs: [/lib64/crt1.o;/lib64/crti.o;/usr/tce/packages/gcc/gcc-8.3.1/rh/usr/lib/gcc/ppc64le-redhat-linux/8/crtbegin.o;/usr/tce/packages/gcc/gcc-8.3.1/rh/usr/lib/gcc/ppc64le-redhat-linux/8/crtend.o;/lib64/crtn.o]
  implicit dirs: [/usr/tce/packages/gcc/gcc-8.3.1/rh/usr/lib/gcc/ppc64le-redhat-linux/8;/usr/tce/packages/gcc/gcc-8.3.1/rh/usr/lib/gcc;/usr/tce/packages/gcc/gcc-8.3.1/rh/usr/lib64;/lib64;/usr/lib64;/usr/tce/packages/gcc/gcc-8.3.1/rh/usr/lib]
  implicit fwks: []


Detecting CXX compiler ABI info compiled with the following output:
Change Dir: /usr/workspace/iopp/software/tailorfs/reproduce/CMakeFiles/CMakeTmp

Run Build Command(s):/usr/tcetmp/bin/gmake -f Makefile cmTC_e3b48/fast && /usr/tcetmp/bin/gmake  -f CMakeFiles/cmTC_e3b48.dir/build.make CMakeFiles/cmTC_e3b48.dir/build
gmake[1]: Entering directory '/usr/WS2/iopp/software/tailorfs/reproduce/CMakeFiles/CMakeTmp'
Building CXX object CMakeFiles/cmTC_e3b48.dir/CMakeCXXCompilerABI.cpp.o
/usr/tce/packages/gcc/gcc-8.3.1/bin/c++   -v -o CMakeFiles/cmTC_e3b48.dir/CMakeCXXCompilerABI.cpp.o -c /usr/tce/packages/cmake/cmake-3.21.1/share/cmake/Modules/CMakeCXXCompilerABI.cpp
Using built-in specs.
COLLECT_GCC=/usr/tce/packages/gcc/gcc-8.3.1/rh/bin/c++
Target: ppc64le-redhat-linux
Configured with: ../configure --enable-bootstrap --enable-languages=c,c++,fortran,lto --prefix=/opt/rh/devtoolset-8/root/usr --mandir=/opt/rh/devtoolset-8/root/usr/share/man --infodir=/opt/rh/devtoolset-8/root/usr/share/info --with-bugurl=http://bugzilla.redhat.com/bugzilla --enable-shared --enable-threads=posix --enable-checking=release --enable-targets=powerpcle-linux --disable-multilib --with-system-zlib --enable-__cxa_atexit --disable-libunwind-exceptions --enable-gnu-unique-object --enable-linker-build-id --with-gcc-major-version-only --with-linker-hash-style=gnu --with-default-libstdcxx-abi=gcc4-compatible --enable-plugin --enable-initfini-array --with-isl=/builddir/build/BUILD/gcc-8.3.1-20190311/obj-ppc64le-redhat-linux/isl-install --disable-libmpx --enable-gnu-indirect-function --enable-secureplt --with-long-double-128 --with-cpu-32=power8 --with-tune-32=power8 --with-cpu-64=power8 --with-tune-64=power8 --build=ppc64le-redhat-linux
Thread model: posix
gcc version 8.3.1 20190311 (Red Hat 8.3.1-3) (GCC) 
COLLECT_GCC_OPTIONS='-v' '-o' 'CMakeFiles/cmTC_e3b48.dir/CMakeCXXCompilerABI.cpp.o' '-c' '-shared-libgcc' '-mtune=power8' '-mcpu=power8'
 /usr/tce/packages/gcc/gcc-8.3.1/rh/usr/bin/../libexec/gcc/ppc64le-redhat-linux/8/cc1plus -quiet -v -iprefix /usr/tce/packages/gcc/gcc-8.3.1/rh/usr/bin/../lib/gcc/ppc64le-redhat-linux/8/ -D_GNU_SOURCE -D__unix__ -D__gnu_linux__ -D__linux__ -Dunix -D__unix -Dlinux -D__linux -Asystem=linux -Asystem=unix -Asystem=posix /usr/tce/packages/cmake/cmake-3.21.1/share/cmake/Modules/CMakeCXXCompilerABI.cpp -msecure-plt -quiet -dumpbase CMakeCXXCompilerABI.cpp -mtune=power8 -mcpu=power8 -auxbase-strip CMakeFiles/cmTC_e3b48.dir/CMakeCXXCompilerABI.cpp.o -version -o /var/tmp/ccF57LNk.s
GNU C++14 (GCC) version 8.3.1 20190311 (Red Hat 8.3.1-3) (ppc64le-redhat-linux)
	compiled by GNU C version 8.3.1 20190311 (Red Hat 8.3.1-3), GMP version 6.0.0, MPFR version 3.1.1, MPC version 1.0.1, isl version isl-0.16.1-GMP

GGC heuristics: --param ggc-min-expand=100 --param ggc-min-heapsize=131072
ignoring nonexistent directory "/usr/tce/packages/gcc/gcc-8.3.1/rh/usr/bin/../lib/gcc/ppc64le-redhat-linux/8/include-fixed"
ignoring nonexistent directory "/usr/tce/packages/gcc/gcc-8.3.1/rh/usr/bin/../lib/gcc/ppc64le-redhat-linux/8/../../../../ppc64le-redhat-linux/include"
ignoring duplicate directory "/usr/tce/packages/gcc/gcc-8.3.1/rh/usr/bin/../lib/gcc/../../lib/gcc/ppc64le-redhat-linux/8/../../../../include/c++/8"
ignoring duplicate directory "/usr/tce/packages/gcc/gcc-8.3.1/rh/usr/bin/../lib/gcc/../../lib/gcc/ppc64le-redhat-linux/8/../../../../include/c++/8/ppc64le-redhat-linux"
ignoring duplicate directory "/usr/tce/packages/gcc/gcc-8.3.1/rh/usr/bin/../lib/gcc/../../lib/gcc/ppc64le-redhat-linux/8/../../../../include/c++/8/backward"
ignoring duplicate directory "/usr/tce/packages/gcc/gcc-8.3.1/rh/usr/bin/../lib/gcc/../../lib/gcc/ppc64le-redhat-linux/8/include"
ignoring nonexistent directory "/usr/tce/packages/gcc/gcc-8.3.1/rh/usr/bin/../lib/gcc/../../lib/gcc/ppc64le-redhat-linux/8/include-fixed"
ignoring nonexistent directory "/usr/tce/packages/gcc/gcc-8.3.1/rh/usr/bin/../lib/gcc/../../lib/gcc/ppc64le-redhat-linux/8/../../../../ppc64le-redhat-linux/include"
#include "..." search starts here:
#include <...> search starts here:
 /usr/tce/packages/gcc/gcc-8.3.1/rh/usr/bin/../lib/gcc/ppc64le-redhat-linux/8/../../../../include/c++/8
 /usr/tce/packages/gcc/gcc-8.3.1/rh/usr/bin/../lib/gcc/ppc64le-redhat-linux/8/../../../../include/c++/8/ppc64le-redhat-linux
 /usr/tce/packages/gcc/gcc-8.3.1/rh/usr/bin/../lib/gcc/ppc64le-redhat-linux/8/../../../../include/c++/8/backward
 /usr/tce/packages/gcc/gcc-8.3.1/rh/usr/bin/../lib/gcc/ppc64le-redhat-linux/8/include
 /usr/local/include
 /usr/tce/packages/gcc/gcc-8.3.1/rh/usr/bin/../lib/gcc/../../include
 /usr/include
End of search list.
GNU C++14 (GCC) version 8.3.1 20190311 (Red Hat 8.3.1-3) (ppc64le-redhat-linux)
	compiled by GNU C version 8.3.1 20190311 (Red Hat 8.3.1-3), GMP version 6.0.0, MPFR version 3.1.1, MPC version 1.0.1, isl version isl-0.16.1-GMP

GGC heuristics: --param ggc-min-expand=100 --param ggc-min-heapsize=131072
Compiler executable checksum: 16e8708e3cb63ee916cff70b274d2773
COLLECT_GCC_OPTIONS='-v' '-o' 'CMakeFiles/cmTC_e3b48.dir/CMakeCXXCompilerABI.cpp.o' '-c' '-shared-libgcc' '-mtune=power8' '-mcpu=power8'
 /usr/tce/packages/gcc/gcc-8.3.1/rh/usr/bin/../libexec/gcc/ppc64le-redhat-linux/8/as -v -a64 -mpower8 -many -mlittle -o CMakeFiles/cmTC_e3b48.dir/CMakeCXXCompilerABI.cpp.o /var/tmp/ccF57LNk.s
GNU assembler version 2.30 (ppc64le-redhat-linux) using BFD version version 2.30-54.el7
COMPILER_PATH=/usr/tce/packages/gcc/gcc-8.3.1/rh/usr/bin/../libexec/gcc/ppc64le-redhat-linux/8/:/usr/tce/packages/gcc/gcc-8.3.1/rh/usr/bin/../libexec/gcc/
LIBRARY_PATH=/usr/tce/packages/gcc/gcc-8.3.1/rh/usr/bin/../lib/gcc/ppc64le-redhat-linux/8/:/usr/tce/packages/gcc/gcc-8.3.1/rh/usr/bin/../lib/gcc/:/usr/tce/packages/gcc/gcc-8.3.1/rh/usr/bin/../lib/gcc/ppc64le-redhat-linux/8/../../../../lib64/:/lib/../lib64/:/usr/lib/../lib64/:/usr/tce/packages/gcc/gcc-8.3.1/rh/usr/bin/../lib/gcc/ppc64le-redhat-linux/8/../../../:/lib/:/usr/lib/
COLLECT_GCC_OPTIONS='-v' '-o' 'CMakeFiles/cmTC_e3b48.dir/CMakeCXXCompilerABI.cpp.o' '-c' '-shared-libgcc' '-mtune=power8' '-mcpu=power8'
Linking CXX executable cmTC_e3b48
/usr/tce/packages/cmake/cmake-3.21.1/bin/cmake -E cmake_link_script CMakeFiles/cmTC_e3b48.dir/link.txt --verbose=1
/usr/tce/packages/gcc/gcc-8.3.1/bin/c++  -v -rdynamic CMakeFiles/cmTC_e3b48.dir/CMakeCXXCompilerABI.cpp.o -o cmTC_e3b48 
Using built-in specs.
COLLECT_GCC=/usr/tce/packages/gcc/gcc-8.3.1/rh/bin/c++
COLLECT_LTO_WRAPPER=/usr/tce/packages/gcc/gcc-8.3.1/rh/usr/bin/../libexec/gcc/ppc64le-redhat-linux/8/lto-wrapper
Target: ppc64le-redhat-linux
Configured with: ../configure --enable-bootstrap --enable-languages=c,c++,fortran,lto --prefix=/opt/rh/devtoolset-8/root/usr --mandir=/opt/rh/devtoolset-8/root/usr/share/man --infodir=/opt/rh/devtoolset-8/root/usr/share/info --with-bugurl=http://bugzilla.redhat.com/bugzilla --enable-shared --enable-threads=posix --enable-checking=release --enable-targets=powerpcle-linux --disable-multilib --with-system-zlib --enable-__cxa_atexit --disable-libunwind-exceptions --enable-gnu-unique-object --enable-linker-build-id --with-gcc-major-version-only --with-linker-hash-style=gnu --with-default-libstdcxx-abi=gcc4-compatible --enable-plugin --enable-initfini-array --with-isl=/builddir/build/BUILD/gcc-8.3.1-20190311/obj-ppc64le-redhat-linux/isl-install --disable-libmpx --enable-gnu-indirect-function --enable-secureplt --with-long-double-128 --with-cpu-32=power8 --with-tune-32=power8 --with-cpu-64=power8 --with-tune-64=power8 --build=ppc64le-redhat-linux
Thread model: posix
gcc version 8.3.1 20190311 (Red Hat 8.3.1-3) (GCC) 
COMPILER_PATH=/usr/tce/packages/gcc/gcc-8.3.1/rh/usr/bin/../libexec/gcc/ppc64le-redhat-linux/8/:/usr/tce/packages/gcc/gcc-8.3.1/rh/usr/bin/../libexec/gcc/
LIBRARY_PATH=/usr/tce/packages/gcc/gcc-8.3.1/rh/usr/bin/../lib/gcc/ppc64le-redhat-linux/8/:/usr/tce/packages/gcc/gcc-8.3.1/rh/usr/bin/../lib/gcc/:/usr/tce/packages/gcc/gcc-8.3.1/rh/usr/bin/../lib/gcc/ppc64le-redhat-linux/8/../../../../lib64/:/lib/../lib64/:/usr/lib/../lib64/:/usr/tce/packages/gcc/gcc-8.3.1/rh/usr/bin/../lib/gcc/ppc64le-redhat-linux/8/../../../:/lib/:/usr/lib/
COLLECT_GCC_OPTIONS='-v' '-rdynamic' '-o' 'cmTC_e3b48' '-shared-libgcc' '-mtune=power8' '-mcpu=power8'
 /usr/tce/packages/gcc/gcc-8.3.1/rh/usr/bin/../libexec/gcc/ppc64le-redhat-linux/8/collect2 -plugin /usr/tce/packages/gcc/gcc-8.3.1/rh/usr/bin/../libexec/gcc/ppc64le-redhat-linux/8/liblto_plugin.so -plugin-opt=/usr/tce/packages/gcc/gcc-8.3.1/rh/usr/bin/../libexec/gcc/ppc64le-redhat-linux/8/lto-wrapper -plugin-opt=-fresolution=/var/tmp/ccPXNPMw.res -plugin-opt=-pass-through=-lgcc_s -plugin-opt=-pass-through=-lgcc -plugin-opt=-pass-through=-lc -plugin-opt=-pass-through=-lgcc_s -plugin-opt=-pass-through=-lgcc --build-id --no-add-needed --eh-frame-hdr --hash-style=gnu -V -m elf64lppc -export-dynamic -dynamic-linker /lib64/ld64.so.2 -o cmTC_e3b48 /lib/../lib64/crt1.o /lib/../lib64/crti.o /usr/tce/packages/gcc/gcc-8.3.1/rh/usr/bin/../lib/gcc/ppc64le-redhat-linux/8/crtbegin.o -L/usr/tce/packages/gcc/gcc-8.3.1/rh/usr/bin/../lib/gcc/ppc64le-redhat-linux/8 -L/usr/tce/packages/gcc/gcc-8.3.1/rh/usr/bin/../lib/gcc -L/usr/tce/packages/gcc/gcc-8.3.1/rh/usr/bin/../lib/gcc/ppc64le-redhat-linux/8/../../../../lib64 -L/lib/../lib64 -L/usr/lib/../lib64 -L/usr/tce/packages/gcc/gcc-8.3.1/rh/usr/bin/../lib/gcc/ppc64le-redhat-linux/8/../../.. CMakeFiles/cmTC_e3b48.dir/CMakeCXXCompilerABI.cpp.o -lstdc++ -lm -lgcc_s -lgcc -lc -lgcc_s -lgcc /usr/tce/packages/gcc/gcc-8.3.1/rh/usr/bin/../lib/gcc/ppc64le-redhat-linux/8/crtend.o /lib/../lib64/crtn.o
GNU ld version 2.30-55.el7.2
  Supported emulations:
   elf64lppc
   elf32lppc
   elf32lppclinux
   elf32lppcsim
   elf64ppc
   elf32ppc
   elf32ppclinux
   elf32ppcsim
COLLECT_GCC_OPTIONS='-v' '-rdynamic' '-o' 'cmTC_e3b48' '-shared-libgcc' '-mtune=power8' '-mcpu=power8'
gmake[1]: Leaving directory '/usr/WS2/iopp/software/tailorfs/reproduce/CMakeFiles/CMakeTmp'



Parsed CXX implicit include dir info from above output: rv=done
  found start of include info
  found start of implicit include info
    add: [/usr/tce/packages/gcc/gcc-8.3.1/rh/usr/bin/../lib/gcc/ppc64le-redhat-linux/8/../../../../include/c++/8]
    add: [/usr/tce/packages/gcc/gcc-8.3.1/rh/usr/bin/../lib/gcc/ppc64le-redhat-linux/8/../../../../include/c++/8/ppc64le-redhat-linux]
    add: [/usr/tce/packages/gcc/gcc-8.3.1/rh/usr/bin/../lib/gcc/ppc64le-redhat-linux/8/../../../../include/c++/8/backward]
    add: [/usr/tce/packages/gcc/gcc-8.3.1/rh/usr/bin/../lib/gcc/ppc64le-redhat-linux/8/include]
    add: [/usr/local/include]
    add: [/usr/tce/packages/gcc/gcc-8.3.1/rh/usr/bin/../lib/gcc/../../include]
    add: [/usr/include]
  end of search list found
  collapse include dir [/usr/tce/packages/gcc/gcc-8.3.1/rh/usr/bin/../lib/gcc/ppc64le-redhat-linux/8/../../../../include/c++/8] ==> [/usr/tce/packages/gcc/gcc-8.3.1/rh/usr/include/c++/8]
  collapse include dir [/usr/tce/packages/gcc/gcc-8.3.1/rh/usr/bin/../lib/gcc/ppc64le-redhat-linux/8/../../../../include/c++/8/ppc64le-redhat-linux] ==> [/usr/tce/packages/gcc/gcc-8.3.1/rh/usr/include/c++/8/ppc64le-redhat-linux]
  collapse include dir [/usr/tce/packages/gcc/gcc-8.3.1/rh/usr/bin/../lib/gcc/ppc64le-redhat-linux/8/../../../../include/c++/8/backward] ==> [/usr/tce/packages/gcc/gcc-8.3.1/rh/usr/include/c++/8/backward]
  collapse include dir [/usr/tce/packages/gcc/gcc-8.3.1/rh/usr/bin/../lib/gcc/ppc64le-redhat-linux/8/include] ==> [/usr/tce/packages/gcc/gcc-8.3.1/rh/usr/lib/gcc/ppc64le-redhat-linux/8/include]
  collapse include dir [/usr/local/include] ==> [/usr/local/include]
  collapse include dir [/usr/tce/packages/gcc/gcc-8.3.1/rh/usr/bin/../lib/gcc/../../include] ==> [/usr/tce/packages/gcc/gcc-8.3.1/rh/usr/include]
  collapse include dir [/usr/include] ==> [/usr/include]
  implicit include dirs: [/usr/tce/packages/gcc/gcc-8.3.1/rh/usr/include/c++/8;/usr/tce/packages/gcc/gcc-8.3.1/rh/usr/include/c++/8/ppc64le-redhat-linux;/usr/tce/packages/gcc/gcc-8.3.1/rh/usr/include/c++/8/backward;/usr/tce/packages/gcc/gcc-8.3.1/rh/usr/lib/gcc/ppc64le-redhat-linux/8/include;/usr/local/include;/usr/tce/packages/gcc/gcc-8.3.1/rh/usr/include;/usr/include]


Parsed CXX implicit link information from above output:
  link line regex: [^( *|.*[/\])(ld|CMAKE_LINK_STARTFILE-NOTFOUND|([^/\]+-)?ld|collect2)[^/\]*( |$)]
  ignore line: [Change Dir: /usr/workspace/iopp/software/tailorfs/reproduce/CMakeFiles/CMakeTmp]
  ignore line: []
  ignore line: [Run Build Command(s):/usr/tcetmp/bin/gmake -f Makefile cmTC_e3b48/fast && /usr/tcetmp/bin/gmake  -f CMakeFiles/cmTC_e3b48.dir/build.make CMakeFiles/cmTC_e3b48.dir/build]
  ignore line: [gmake[1]: Entering directory '/usr/WS2/iopp/software/tailorfs/reproduce/CMakeFiles/CMakeTmp']
  ignore line: [Building CXX object CMakeFiles/cmTC_e3b48.dir/CMakeCXXCompilerABI.cpp.o]
  ignore line: [/usr/tce/packages/gcc/gcc-8.3.1/bin/c++   -v -o CMakeFiles/cmTC_e3b48.dir/CMakeCXXCompilerABI.cpp.o -c /usr/tce/packages/cmake/cmake-3.21.1/share/cmake/Modules/CMakeCXXCompilerABI.cpp]
  ignore line: [Using built-in specs.]
  ignore line: [COLLECT_GCC=/usr/tce/packages/gcc/gcc-8.3.1/rh/bin/c++]
  ignore line: [Target: ppc64le-redhat-linux]
  ignore line: [Configured with: ../configure --enable-bootstrap --enable-languages=c c++ fortran lto --prefix=/opt/rh/devtoolset-8/root/usr --mandir=/opt/rh/devtoolset-8/root/usr/share/man --infodir=/opt/rh/devtoolset-8/root/usr/share/info --with-bugurl=http://bugzilla.redhat.com/bugzilla --enable-shared --enable-threads=posix --enable-checking=release --enable-targets=powerpcle-linux --disable-multilib --with-system-zlib --enable-__cxa_atexit --disable-libunwind-exceptions --enable-gnu-unique-object --enable-linker-build-id --with-gcc-major-version-only --with-linker-hash-style=gnu --with-default-libstdcxx-abi=gcc4-compatible --enable-plugin --enable-initfini-array --with-isl=/builddir/build/BUILD/gcc-8.3.1-20190311/obj-ppc64le-redhat-linux/isl-install --disable-libmpx --enable-gnu-indirect-function --enable-secureplt --with-long-double-128 --with-cpu-32=power8 --with-tune-32=power8 --with-cpu-64=power8 --with-tune-64=power8 --build=ppc64le-redhat-linux]
  ignore line: [Thread model: posix]
  ignore line: [gcc version 8.3.1 20190311 (Red Hat 8.3.1-3) (GCC) ]
  ignore line: [COLLECT_GCC_OPTIONS='-v' '-o' 'CMakeFiles/cmTC_e3b48.dir/CMakeCXXCompilerABI.cpp.o' '-c' '-shared-libgcc' '-mtune=power8' '-mcpu=power8']
  ignore line: [ /usr/tce/packages/gcc/gcc-8.3.1/rh/usr/bin/../libexec/gcc/ppc64le-redhat-linux/8/cc1plus -quiet -v -iprefix /usr/tce/packages/gcc/gcc-8.3.1/rh/usr/bin/../lib/gcc/ppc64le-redhat-linux/8/ -D_GNU_SOURCE -D__unix__ -D__gnu_linux__ -D__linux__ -Dunix -D__unix -Dlinux -D__linux -Asystem=linux -Asystem=unix -Asystem=posix /usr/tce/packages/cmake/cmake-3.21.1/share/cmake/Modules/CMakeCXXCompilerABI.cpp -msecure-plt -quiet -dumpbase CMakeCXXCompilerABI.cpp -mtune=power8 -mcpu=power8 -auxbase-strip CMakeFiles/cmTC_e3b48.dir/CMakeCXXCompilerABI.cpp.o -version -o /var/tmp/ccF57LNk.s]
  ignore line: [GNU C++14 (GCC) version 8.3.1 20190311 (Red Hat 8.3.1-3) (ppc64le-redhat-linux)]
  ignore line: [	compiled by GNU C version 8.3.1 20190311 (Red Hat 8.3.1-3)  GMP version 6.0.0  MPFR version 3.1.1  MPC version 1.0.1  isl version isl-0.16.1-GMP]
  ignore line: []
  ignore line: [GGC heuristics: --param ggc-min-expand=100 --param ggc-min-heapsize=131072]
  ignore line: [ignoring nonexistent directory "/usr/tce/packages/gcc/gcc-8.3.1/rh/usr/bin/../lib/gcc/ppc64le-redhat-linux/8/include-fixed"]
  ignore line: [ignoring nonexistent directory "/usr/tce/packages/gcc/gcc-8.3.1/rh/usr/bin/../lib/gcc/ppc64le-redhat-linux/8/../../../../ppc64le-redhat-linux/include"]
  ignore line: [ignoring duplicate directory "/usr/tce/packages/gcc/gcc-8.3.1/rh/usr/bin/../lib/gcc/../../lib/gcc/ppc64le-redhat-linux/8/../../../../include/c++/8"]
  ignore line: [ignoring duplicate directory "/usr/tce/packages/gcc/gcc-8.3.1/rh/usr/bin/../lib/gcc/../../lib/gcc/ppc64le-redhat-linux/8/../../../../include/c++/8/ppc64le-redhat-linux"]
  ignore line: [ignoring duplicate directory "/usr/tce/packages/gcc/gcc-8.3.1/rh/usr/bin/../lib/gcc/../../lib/gcc/ppc64le-redhat-linux/8/../../../../include/c++/8/backward"]
  ignore line: [ignoring duplicate directory "/usr/tce/packages/gcc/gcc-8.3.1/rh/usr/bin/../lib/gcc/../../lib/gcc/ppc64le-redhat-linux/8/include"]
  ignore line: [ignoring nonexistent directory "/usr/tce/packages/gcc/gcc-8.3.1/rh/usr/bin/../lib/gcc/../../lib/gcc/ppc64le-redhat-linux/8/include-fixed"]
  ignore line: [ignoring nonexistent directory "/usr/tce/packages/gcc/gcc-8.3.1/rh/usr/bin/../lib/gcc/../../lib/gcc/ppc64le-redhat-linux/8/../../../../ppc64le-redhat-linux/include"]
  ignore line: [#include "..." search starts here:]
  ignore line: [#include <...> search starts here:]
  ignore line: [ /usr/tce/packages/gcc/gcc-8.3.1/rh/usr/bin/../lib/gcc/ppc64le-redhat-linux/8/../../../../include/c++/8]
  ignore line: [ /usr/tce/packages/gcc/gcc-8.3.1/rh/usr/bin/../lib/gcc/ppc64le-redhat-linux/8/../../../../include/c++/8/ppc64le-redhat-linux]
  ignore line: [ /usr/tce/packages/gcc/gcc-8.3.1/rh/usr/bin/../lib/gcc/ppc64le-redhat-linux/8/../../../../include/c++/8/backward]
  ignore line: [ /usr/tce/packages/gcc/gcc-8.3.1/rh/usr/bin/../lib/gcc/ppc64le-redhat-linux/8/include]
  ignore line: [ /usr/local/include]
  ignore line: [ /usr/tce/packages/gcc/gcc-8.3.1/rh/usr/bin/../lib/gcc/../../include]
  ignore line: [ /usr/include]
  ignore line: [End of search list.]
  ignore line: [GNU C++14 (GCC) version 8.3.1 20190311 (Red Hat 8.3.1-3) (ppc64le-redhat-linux)]
  ignore line: [	compiled by GNU C version 8.3.1 20190311 (Red Hat 8.3.1-3)  GMP version 6.0.0  MPFR version 3.1.1  MPC version 1.0.1  isl version isl-0.16.1-GMP]
  ignore line: []
  ignore line: [GGC heuristics: --param ggc-min-expand=100 --param ggc-min-heapsize=131072]
  ignore line: [Compiler executable checksum: 16e8708e3cb63ee916cff70b274d2773]
  ignore line: [COLLECT_GCC_OPTIONS='-v' '-o' 'CMakeFiles/cmTC_e3b48.dir/CMakeCXXCompilerABI.cpp.o' '-c' '-shared-libgcc' '-mtune=power8' '-mcpu=power8']
  ignore line: [ /usr/tce/packages/gcc/gcc-8.3.1/rh/usr/bin/../libexec/gcc/ppc64le-redhat-linux/8/as -v -a64 -mpower8 -many -mlittle -o CMakeFiles/cmTC_e3b48.dir/CMakeCXXCompilerABI.cpp.o /var/tmp/ccF57LNk.s]
  ignore line: [GNU assembler version 2.30 (ppc64le-redhat-linux) using BFD version version 2.30-54.el7]
  ignore line: [COMPILER_PATH=/usr/tce/packages/gcc/gcc-8.3.1/rh/usr/bin/../libexec/gcc/ppc64le-redhat-linux/8/:/usr/tce/packages/gcc/gcc-8.3.1/rh/usr/bin/../libexec/gcc/]
  ignore line: [LIBRARY_PATH=/usr/tce/packages/gcc/gcc-8.3.1/rh/usr/bin/../lib/gcc/ppc64le-redhat-linux/8/:/usr/tce/packages/gcc/gcc-8.3.1/rh/usr/bin/../lib/gcc/:/usr/tce/packages/gcc/gcc-8.3.1/rh/usr/bin/../lib/gcc/ppc64le-redhat-linux/8/../../../../lib64/:/lib/../lib64/:/usr/lib/../lib64/:/usr/tce/packages/gcc/gcc-8.3.1/rh/usr/bin/../lib/gcc/ppc64le-redhat-linux/8/../../../:/lib/:/usr/lib/]
  ignore line: [COLLECT_GCC_OPTIONS='-v' '-o' 'CMakeFiles/cmTC_e3b48.dir/CMakeCXXCompilerABI.cpp.o' '-c' '-shared-libgcc' '-mtune=power8' '-mcpu=power8']
  ignore line: [Linking CXX executable cmTC_e3b48]
  ignore line: [/usr/tce/packages/cmake/cmake-3.21.1/bin/cmake -E cmake_link_script CMakeFiles/cmTC_e3b48.dir/link.txt --verbose=1]
  ignore line: [/usr/tce/packages/gcc/gcc-8.3.1/bin/c++  -v -rdynamic CMakeFiles/cmTC_e3b48.dir/CMakeCXXCompilerABI.cpp.o -o cmTC_e3b48 ]
  ignore line: [Using built-in specs.]
  ignore line: [COLLECT_GCC=/usr/tce/packages/gcc/gcc-8.3.1/rh/bin/c++]
  ignore line: [COLLECT_LTO_WRAPPER=/usr/tce/packages/gcc/gcc-8.3.1/rh/usr/bin/../libexec/gcc/ppc64le-redhat-linux/8/lto-wrapper]
  ignore line: [Target: ppc64le-redhat-linux]
  ignore line: [Configured with: ../configure --enable-bootstrap --enable-languages=c c++ fortran lto --prefix=/opt/rh/devtoolset-8/root/usr --mandir=/opt/rh/devtoolset-8/root/usr/share/man --infodir=/opt/rh/devtoolset-8/root/usr/share/info --with-bugurl=http://bugzilla.redhat.com/bugzilla --enable-shared --enable-threads=posix --enable-checking=release --enable-targets=powerpcle-linux --disable-multilib --with-system-zlib --enable-__cxa_atexit --disable-libunwind-exceptions --enable-gnu-unique-object --enable-linker-build-id --with-gcc-major-version-only --with-linker-hash-style=gnu --with-default-libstdcxx-abi=gcc4-compatible --enable-plugin --enable-initfini-array --with-isl=/builddir/build/BUILD/gcc-8.3.1-20190311/obj-ppc64le-redhat-linux/isl-install --disable-libmpx --enable-gnu-indirect-function --enable-secureplt --with-long-double-128 --with-cpu-32=power8 --with-tune-32=power8 --with-cpu-64=power8 --with-tune-64=power8 --build=ppc64le-redhat-linux]
  ignore line: [Thread model: posix]
  ignore line: [gcc version 8.3.1 20190311 (Red Hat 8.3.1-3) (GCC) ]
  ignore line: [COMPILER_PATH=/usr/tce/packages/gcc/gcc-8.3.1/rh/usr/bin/../libexec/gcc/ppc64le-redhat-linux/8/:/usr/tce/packages/gcc/gcc-8.3.1/rh/usr/bin/../libexec/gcc/]
  ignore line: [LIBRARY_PATH=/usr/tce/packages/gcc/gcc-8.3.1/rh/usr/bin/../lib/gcc/ppc64le-redhat-linux/8/:/usr/tce/packages/gcc/gcc-8.3.1/rh/usr/bin/../lib/gcc/:/usr/tce/packages/gcc/gcc-8.3.1/rh/usr/bin/../lib/gcc/ppc64le-redhat-linux/8/../../../../lib64/:/lib/../lib64/:/usr/lib/../lib64/:/usr/tce/packages/gcc/gcc-8.3.1/rh/usr/bin/../lib/gcc/ppc64le-redhat-linux/8/../../../:/lib/:/usr/lib/]
  ignore line: [COLLECT_GCC_OPTIONS='-v' '-rdynamic' '-o' 'cmTC_e3b48' '-shared-libgcc' '-mtune=power8' '-mcpu=power8']
  link line: [ /usr/tce/packages/gcc/gcc-8.3.1/rh/usr/bin/../libexec/gcc/ppc64le-redhat-linux/8/collect2 -plugin /usr/tce/packages/gcc/gcc-8.3.1/rh/usr/bin/../libexec/gcc/ppc64le-redhat-linux/8/liblto_plugin.so -plugin-opt=/usr/tce/packages/gcc/gcc-8.3.1/rh/usr/bin/../libexec/gcc/ppc64le-redhat-linux/8/lto-wrapper -plugin-opt=-fresolution=/var/tmp/ccPXNPMw.res -plugin-opt=-pass-through=-lgcc_s -plugin-opt=-pass-through=-lgcc -plugin-opt=-pass-through=-lc -plugin-opt=-pass-through=-lgcc_s -plugin-opt=-pass-through=-lgcc --build-id --no-add-needed --eh-frame-hdr --hash-style=gnu -V -m elf64lppc -export-dynamic -dynamic-linker /lib64/ld64.so.2 -o cmTC_e3b48 /lib/../lib64/crt1.o /lib/../lib64/crti.o /usr/tce/packages/gcc/gcc-8.3.1/rh/usr/bin/../lib/gcc/ppc64le-redhat-linux/8/crtbegin.o -L/usr/tce/packages/gcc/gcc-8.3.1/rh/usr/bin/../lib/gcc/ppc64le-redhat-linux/8 -L/usr/tce/packages/gcc/gcc-8.3.1/rh/usr/bin/../lib/gcc -L/usr/tce/packages/gcc/gcc-8.3.1/rh/usr/bin/../lib/gcc/ppc64le-redhat-linux/8/../../../../lib64 -L/lib/../lib64 -L/usr/lib/../lib64 -L/usr/tce/packages/gcc/gcc-8.3.1/rh/usr/bin/../lib/gcc/ppc64le-redhat-linux/8/../../.. CMakeFiles/cmTC_e3b48.dir/CMakeCXXCompilerABI.cpp.o -lstdc++ -lm -lgcc_s -lgcc -lc -lgcc_s -lgcc /usr/tce/packages/gcc/gcc-8.3.1/rh/usr/bin/../lib/gcc/ppc64le-redhat-linux/8/crtend.o /lib/../lib64/crtn.o]
    arg [/usr/tce/packages/gcc/gcc-8.3.1/rh/usr/bin/../libexec/gcc/ppc64le-redhat-linux/8/collect2] ==> ignore
    arg [-plugin] ==> ignore
    arg [/usr/tce/packages/gcc/gcc-8.3.1/rh/usr/bin/../libexec/gcc/ppc64le-redhat-linux/8/liblto_plugin.so] ==> ignore
    arg [-plugin-opt=/usr/tce/packages/gcc/gcc-8.3.1/rh/usr/bin/../libexec/gcc/ppc64le-redhat-linux/8/lto-wrapper] ==> ignore
    arg [-plugin-opt=-fresolution=/var/tmp/ccPXNPMw.res] ==> ignore
    arg [-plugin-opt=-pass-through=-lgcc_s] ==> ignore
    arg [-plugin-opt=-pass-through=-lgcc] ==> ignore
    arg [-plugin-opt=-pass-through=-lc] ==> ignore
    arg [-plugin-opt=-pass-through=-lgcc_s] ==> ignore
    arg [-plugin-opt=-pass-through=-lgcc] ==> ignore
    arg [--build-id] ==> ignore
    arg [--no-add-needed] ==> ignore
    arg [--eh-frame-hdr] ==> ignore
    arg [--hash-style=gnu] ==> ignore
    arg [-V] ==> ignore
    arg [-m] ==> ignore
    arg [elf64lppc] ==> ignore
    arg [-export-dynamic] ==> ignore
    arg [-dynamic-linker] ==> ignore
    arg [/lib64/ld64.so.2] ==> ignore
    arg [-o] ==> ignore
    arg [cmTC_e3b48] ==> ignore
    arg [/lib/../lib64/crt1.o] ==> obj [/lib/../lib64/crt1.o]
    arg [/lib/../lib64/crti.o] ==> obj [/lib/../lib64/crti.o]
    arg [/usr/tce/packages/gcc/gcc-8.3.1/rh/usr/bin/../lib/gcc/ppc64le-redhat-linux/8/crtbegin.o] ==> obj [/usr/tce/packages/gcc/gcc-8.3.1/rh/usr/bin/../lib/gcc/ppc64le-redhat-linux/8/crtbegin.o]
    arg [-L/usr/tce/packages/gcc/gcc-8.3.1/rh/usr/bin/../lib/gcc/ppc64le-redhat-linux/8] ==> dir [/usr/tce/packages/gcc/gcc-8.3.1/rh/usr/bin/../lib/gcc/ppc64le-redhat-linux/8]
    arg [-L/usr/tce/packages/gcc/gcc-8.3.1/rh/usr/bin/../lib/gcc] ==> dir [/usr/tce/packages/gcc/gcc-8.3.1/rh/usr/bin/../lib/gcc]
    arg [-L/usr/tce/packages/gcc/gcc-8.3.1/rh/usr/bin/../lib/gcc/ppc64le-redhat-linux/8/../../../../lib64] ==> dir [/usr/tce/packages/gcc/gcc-8.3.1/rh/usr/bin/../lib/gcc/ppc64le-redhat-linux/8/../../../../lib64]
    arg [-L/lib/../lib64] ==> dir [/lib/../lib64]
    arg [-L/usr/lib/../lib64] ==> dir [/usr/lib/../lib64]
    arg [-L/usr/tce/packages/gcc/gcc-8.3.1/rh/usr/bin/../lib/gcc/ppc64le-redhat-linux/8/../../..] ==> dir [/usr/tce/packages/gcc/gcc-8.3.1/rh/usr/bin/../lib/gcc/ppc64le-redhat-linux/8/../../..]
    arg [CMakeFiles/cmTC_e3b48.dir/CMakeCXXCompilerABI.cpp.o] ==> ignore
    arg [-lstdc++] ==> lib [stdc++]
    arg [-lm] ==> lib [m]
    arg [-lgcc_s] ==> lib [gcc_s]
    arg [-lgcc] ==> lib [gcc]
    arg [-lc] ==> lib [c]
    arg [-lgcc_s] ==> lib [gcc_s]
    arg [-lgcc] ==> lib [gcc]
    arg [/usr/tce/packages/gcc/gcc-8.3.1/rh/usr/bin/../lib/gcc/ppc64le-redhat-linux/8/crtend.o] ==> obj [/usr/tce/packages/gcc/gcc-8.3.1/rh/usr/bin/../lib/gcc/ppc64le-redhat-linux/8/crtend.o]
    arg [/lib/../lib64/crtn.o] ==> obj [/lib/../lib64/crtn.o]
  collapse obj [/lib/../lib64/crt1.o] ==> [/lib64/crt1.o]
  collapse obj [/lib/../lib64/crti.o] ==> [/lib64/crti.o]
  collapse obj [/usr/tce/packages/gcc/gcc-8.3.1/rh/usr/bin/../lib/gcc/ppc64le-redhat-linux/8/crtbegin.o] ==> [/usr/tce/packages/gcc/gcc-8.3.1/rh/usr/lib/gcc/ppc64le-redhat-linux/8/crtbegin.o]
  collapse obj [/usr/tce/packages/gcc/gcc-8.3.1/rh/usr/bin/../lib/gcc/ppc64le-redhat-linux/8/crtend.o] ==> [/usr/tce/packages/gcc/gcc-8.3.1/rh/usr/lib/gcc/ppc64le-redhat-linux/8/crtend.o]
  collapse obj [/lib/../lib64/crtn.o] ==> [/lib64/crtn.o]
  collapse library dir [/usr/tce/packages/gcc/gcc-8.3.1/rh/usr/bin/../lib/gcc/ppc64le-redhat-linux/8] ==> [/usr/tce/packages/gcc/gcc-8.3.1/rh/usr/lib/gcc/ppc64le-redhat-linux/8]
  collapse library dir [/usr/tce/packages/gcc/gcc-8.3.1/rh/usr/bin/../lib/gcc] ==> [/usr/tce/packages/gcc/gcc-8.3.1/rh/usr/lib/gcc]
  collapse library dir [/usr/tce/packages/gcc/gcc-8.3.1/rh/usr/bin/../lib/gcc/ppc64le-redhat-linux/8/../../../../lib64] ==> [/usr/tce/packages/gcc/gcc-8.3.1/rh/usr/lib64]
  collapse library dir [/lib/../lib64] ==> [/lib64]
  collapse library dir [/usr/lib/../lib64] ==> [/usr/lib64]
  collapse library dir [/usr/tce/packages/gcc/gcc-8.3.1/rh/usr/bin/../lib/gcc/ppc64le-redhat-linux/8/../../..] ==> [/usr/tce/packages/gcc/gcc-8.3.1/rh/usr/lib]
  implicit libs: [stdc++;m;gcc_s;gcc;c;gcc_s;gcc]
  implicit objs: [/lib64/crt1.o;/lib64/crti.o;/usr/tce/packages/gcc/gcc-8.3.1/rh/usr/lib/gcc/ppc64le-redhat-linux/8/crtbegin.o;/usr/tce/packages/gcc/gcc-8.3.1/rh/usr/lib/gcc/ppc64le-redhat-linux/8/crtend.o;/lib64/crtn.o]
  implicit dirs: [/usr/tce/packages/gcc/gcc-8.3.1/rh/usr/lib/gcc/ppc64le-redhat-linux/8;/usr/tce/packages/gcc/gcc-8.3.1/rh/usr/lib/gcc;/usr/tce/packages/gcc/gcc-8.3.1/rh/usr/lib64;/lib64;/usr/lib64;/usr/tce/packages/gcc/gcc-8.3.1/rh/usr/lib]
  implicit fwks: []


Determining if the include file pthread.h exists passed with the following output:
Change Dir: /usr/workspace/iopp/software/tailorfs/reproduce/CMakeFiles/CMakeTmp

Run Build Command(s):/usr/tcetmp/bin/gmake -f Makefile cmTC_4adbd/fast && /usr/tcetmp/bin/gmake  -f CMakeFiles/cmTC_4adbd.dir/build.make CMakeFiles/cmTC_4adbd.dir/build
gmake[1]: Entering directory '/usr/WS2/iopp/software/tailorfs/reproduce/CMakeFiles/CMakeTmp'
Building C object CMakeFiles/cmTC_4adbd.dir/CheckIncludeFile.c.o
/usr/tce/packages/gcc/gcc-8.3.1/bin/cc   -fPIE -o CMakeFiles/cmTC_4adbd.dir/CheckIncludeFile.c.o -c /usr/workspace/iopp/software/tailorfs/reproduce/CMakeFiles/CMakeTmp/CheckIncludeFile.c
Linking C executable cmTC_4adbd
/usr/tce/packages/cmake/cmake-3.21.1/bin/cmake -E cmake_link_script CMakeFiles/cmTC_4adbd.dir/link.txt --verbose=1
/usr/tce/packages/gcc/gcc-8.3.1/bin/cc CMakeFiles/cmTC_4adbd.dir/CheckIncludeFile.c.o -o cmTC_4adbd 
gmake[1]: Leaving directory '/usr/WS2/iopp/software/tailorfs/reproduce/CMakeFiles/CMakeTmp'



Determining if the function pthread_create exists in the pthread passed with the following output:
Change Dir: /usr/workspace/iopp/software/tailorfs/reproduce/CMakeFiles/CMakeTmp

Run Build Command(s):/usr/tcetmp/bin/gmake -f Makefile cmTC_f5077/fast && /usr/tcetmp/bin/gmake  -f CMakeFiles/cmTC_f5077.dir/build.make CMakeFiles/cmTC_f5077.dir/build
gmake[1]: Entering directory '/usr/WS2/iopp/software/tailorfs/reproduce/CMakeFiles/CMakeTmp'
Building C object CMakeFiles/cmTC_f5077.dir/CheckFunctionExists.c.o
/usr/tce/packages/gcc/gcc-8.3.1/bin/cc   -DCHECK_FUNCTION_EXISTS=pthread_create -fPIE -o CMakeFiles/cmTC_f5077.dir/CheckFunctionExists.c.o -c /usr/tce/packages/cmake/cmake-3.21.1/share/cmake/Modules/CheckFunctionExists.c
Linking C executable cmTC_f5077
/usr/tce/packages/cmake/cmake-3.21.1/bin/cmake -E cmake_link_script CMakeFiles/cmTC_f5077.dir/link.txt --verbose=1
/usr/tce/packages/gcc/gcc-8.3.1/bin/cc  -DCHECK_FUNCTION_EXISTS=pthread_create CMakeFiles/cmTC_f5077.dir/CheckFunctionExists.c.o -o cmTC_f5077  -lpthread 
gmake[1]: Leaving directory '/usr/WS2/iopp/software/tailorfs/reproduce/CMakeFiles/CMakeTmp'



