/usr/workspace/iopp/install_scripts/bin/iopp-init: line 11: module: command not found
/usr/workspace/iopp/software/tailorfs /usr/workspace/iopp/software/tailorfs/scripts
mkdir: cannot create directory 'build_1': File exists
/usr/workspace/iopp/software/tailorfs/build_1 /usr/workspace/iopp/software/tailorfs /usr/workspace/iopp/software/tailorfs/scripts
-- The C compiler identification is GNU 8.3.1
-- The CXX compiler identification is GNU 8.3.1
-- Detecting C compiler ABI info
-- Detecting C compiler ABI info - done
-- Check for working C compiler: /usr/tce/packages/gcc/gcc-8.3.1/bin/gcc - skipped
-- Detecting C compile features
-- Detecting C compile features - done
-- Detecting CXX compiler ABI info
-- Detecting CXX compiler ABI info - done
-- Check for working CXX compiler: /usr/tce/packages/gcc/gcc-8.3.1/bin/g++ - skipped
-- Detecting CXX compile features
-- Detecting CXX compile features - done
-- /usr/local/bin
-- /usr/workspace/iopp/software/tailorfs/dependency/.spack-env/view/usr/workspace/iopp/software/tailorfs/build_1/lib/cmake/usr/workspace/iopp/software/tailorfs/external/brahma/dependency/.spack-env/view/usr/workspace/iopp/software/tailorfs/build_1/lib/cmake
-- /usr/local/bin
-- Found cpp-logger: TRUE  
-- [CPP_LOGGER] found cpp-logger at /usr/workspace/iopp/software/tailorfs/build_1/include
-- [Gotcha] found gotcha at /usr/workspace/iopp/software/tailorfs/dependency/.spack-env/view/include/
-- Found MPI_CXX: /usr/tce/packages/spectrum-mpi/ibm/spectrum-mpi-2020.08.19/lib/libmpiprofilesupport.so (found version "3.1") 
-- Found MPI: TRUE (found version "3.1") found components: CXX 
-- [MPI] found mpi.h at /usr/tce/packages/spectrum-mpi/ibm/spectrum-mpi-2020.08.19/include
-- /usr/local/bin
-- [CPP_LOGGER] found cpp-logger at /usr/workspace/iopp/software/tailorfs/build_1/include
-- Found nlohmann_json: /usr/workspace/iopp/software/tailorfs/dependency/.spack-env/view/lib64/cmake/nlohmann_json/nlohmann_jsonConfig.cmake (found suitable version "3.10.5", minimum required is "3.10.5") 
-- found nlohmann_json
-- found mpi.h at /usr/tce/packages/spectrum-mpi/ibm/spectrum-mpi-2020.08.19/include
-- Looking for pthread.h
-- Looking for pthread.h - found
-- Performing Test CMAKE_HAVE_LIBC_PTHREAD
-- Performing Test CMAKE_HAVE_LIBC_PTHREAD - Failed
-- Looking for pthread_create in pthreads
-- Looking for pthread_create in pthreads - not found
-- Looking for pthread_create in pthread
-- Looking for pthread_create in pthread - found
-- Found Threads: TRUE  
-- Found mimir: TRUE  
-- [MIMIR] found mimir at /usr/workspace/iopp/software/tailorfs/build_1/include
-- [CPP_LOGGER] found cpp-logger at /usr/workspace/iopp/software/tailorfs/build_1/include
-- Found brahma: TRUE  
-- [BRAHMA] found brahma at /usr/workspace/iopp/software/tailorfs/build_1/include
-- UNIFYFS_INCLUDE_DIRS: /usr/workspace/iopp/software/tailorfs/dependency/.spack-env/view/include
-- UNIFYFS_ROOT_DIR: /usr/workspace/iopp/software/tailorfs/dependency/.spack-env/view
-- UNIFYFS_LIBRARY_PATH: /usr/workspace/iopp/software/tailorfs/dependency/.spack-env/view/lib
-- Found unifyfs: TRUE  
-- [UnifyFS] found headers at /usr/workspace/iopp/software/tailorfs/dependency/.spack-env/view/include
-- [MPI] found mpi.h at /usr/tce/packages/spectrum-mpi/ibm/spectrum-mpi-2020.08.19/include
-- Number of nodes: 1
-- Number of nodes: 1
-- Number of nodes: 1
-- Number of nodes: 1
-- Configuring done
-- Generating done
-- Build files have been written to: /usr/workspace/iopp/software/tailorfs/build_1
[  6%] Building CXX object external/cpp-logger/CMakeFiles/cpp-logger.dir/src/cpp-logger/logger.cpp.o
[  6%] Building CXX object test/unifyfs/CMakeFiles/unifyfs_basic.dir/unifyfs_basic.cpp.o
[  6%] Building CXX object test/micro_benchmark/CMakeFiles/io_tests.dir/io_tests.cpp.o
[  9%] Linking CXX shared library ../../lib/libcpp-logger.so
[  9%] Built target cpp-logger
[ 13%] Building CXX object external/brahma/CMakeFiles/brahma.dir/src/brahma/interface/posix.cpp.o
[ 18%] Building CXX object external/brahma/CMakeFiles/brahma.dir/src/brahma/brahma.cpp.o
[ 25%] Building CXX object external/brahma/CMakeFiles/brahma.dir/src/brahma/interceptor.cpp.o
[ 25%] Building CXX object external/brahma/CMakeFiles/brahma.dir/src/brahma/interface/mpiio.cpp.o
[ 25%] Building CXX object external/brahma/CMakeFiles/brahma.dir/src/brahma/interface/stdio.cpp.o
[ 25%] Building CXX object external/mimir/CMakeFiles/mimir.dir/src/mimir/api/workflow.cpp.o
[ 25%] Building CXX object external/brahma/CMakeFiles/brahma.dir/src/brahma/mpi.cpp.o
[ 27%] Building CXX object external/mimir/CMakeFiles/mimir.dir/src/mimir/common/debug.cpp.o
[ 37%] Building CXX object external/mimir/CMakeFiles/mimir.dir/src/mimir/api/posix.cpp.o
[ 37%] Building CXX object external/brahma/CMakeFiles/brahma.dir/src/brahma/interface/interface_utility.cpp.o
[ 37%] Building CXX object external/mimir/CMakeFiles/mimir.dir/src/mimir/advice/advice.cpp.o
[ 39%] Building CXX object external/mimir/CMakeFiles/mimir.dir/src/mimir/api/application.cpp.o
[ 44%] Building CXX object external/brahma/CMakeFiles/brahma.dir/src/brahma/interface/interface.cpp.o
[ 44%] Building CXX object external/mimir/CMakeFiles/mimir.dir/src/mimir/api/mimir_interceptor.cpp.o
[ 44%] Building CXX object external/mimir/CMakeFiles/mimir.dir/src/mimir/api/job_configuration.cpp.o
[ 46%] Linking CXX shared library ../../lib/libbrahma.so
[ 46%] Built target brahma
[ 48%] Linking CXX executable ../../bin/io_tests
[ 48%] Built target io_tests
[ 51%] Linking CXX executable ../../bin/unifyfs_basic
[ 51%] Built target unifyfs_basic
[ 53%] Linking CXX shared library ../../lib/libmimir.so
[ 53%] Built target mimir
[ 55%] Building CXX object CMakeFiles/tailorfs.dir/src/tailorfs/brahma/stdio.cpp.o
[ 60%] Building CXX object test/mimir/CMakeFiles/mimir_test.dir/mimir_test.cpp.o
[ 60%] Building CXX object CMakeFiles/tailorfs.dir/main.cpp.o
[ 65%] Building CXX object CMakeFiles/tailorfs.dir/src/tailorfs/brahma/posix.cpp.o
[ 67%] Building CXX object CMakeFiles/tailorfs.dir/src/tailorfs/core/fsview/mpiio_fsview.cpp.o
[ 67%] Building CXX object CMakeFiles/tailorfs.dir/src/tailorfs/core/fsview/posix_fsview.cpp.o
[ 81%] Building CXX object CMakeFiles/tailorfs.dir/src/tailorfs/core/fsview/stdio_fsview.cpp.o
[ 81%] Building CXX object CMakeFiles/tailorfs.dir/src/tailorfs/core/process_state.cpp.o
[ 81%] Building CXX object CMakeFiles/tailorfs.dir/src/tailorfs/brahma/mpi.cpp.o
[ 81%] Building CXX object CMakeFiles/tailorfs.dir/src/tailorfs/brahma/mpiio.cpp.o
[ 81%] Building CXX object CMakeFiles/tailorfs.dir/src/tailorfs/util/unifyfs-stage-transfer.cpp.o
[ 83%] Building CXX object CMakeFiles/tailorfs.dir/src/tailorfs/core/fsview_manager.cpp.o
[ 86%] Building CXX object CMakeFiles/tailorfs.dir/src/tailorfs/core/fsview/unifyfs_fsview.cpp.o
[ 86%] Building CXX object CMakeFiles/tailorfs.dir/src/tailorfs/tailorfs.cpp.o
[ 88%] Linking CXX shared library lib/libtailorfs.so
[ 90%] Linking CXX executable ../../bin/mimir_test
[ 90%] Built target mimir_test
[ 90%] Built target tailorfs
[ 95%] Building CXX object CMakeFiles/tailorfs_exe.dir/main.cpp.o
[ 95%] Building CXX object test/internal/CMakeFiles/internal_test.dir/internal_test.cpp.o
[ 97%] Linking CXX executable bin/tailorfs_exe
[ 97%] Built target tailorfs_exe
[100%] Linking CXX executable ../../bin/internal_test
[100%] Built target internal_test
Test project /usr/workspace/iopp/software/tailorfs/build_1
No tests were found!!!
Timing, TailorFS
UpdateCTestConfiguration  from :/usr/workspace/iopp/software/tailorfs/build_1/DartConfiguration.tcl
UpdateCTestConfiguration  from :/usr/workspace/iopp/software/tailorfs/build_1/DartConfiguration.tcl
Test project /usr/workspace/iopp/software/tailorfs/build_1
Constructing a list of tests
Done constructing a list of tests
Updating test list for fixtures
Added 0 tests to meet fixture requirements
Checking test dependency graph...
Checking test dependency graph end
No tests were found!!!
Timing, Baseline
UpdateCTestConfiguration  from :/usr/workspace/iopp/software/tailorfs/build_1/DartConfiguration.tcl
UpdateCTestConfiguration  from :/usr/workspace/iopp/software/tailorfs/build_1/DartConfiguration.tcl
Test project /usr/workspace/iopp/software/tailorfs/build_1
Constructing a list of tests
Done constructing a list of tests
Updating test list for fixtures
Added 0 tests to meet fixture requirements
Checking test dependency graph...
Checking test dependency graph end
No tests were found!!!

------------------------------------------------------------
Sender: LSF System <lsfadmin@lassen710>
Subject: Job 3908272: <paper_benefit.sh_1_64> in cluster <lassen> Done

Job <paper_benefit.sh_1_64> was submitted from host <lassen709> by user <haridev> in cluster <lassen> at Wed Sep 14 16:43:42 2022
Job was executed on host(s) <1*lassen710>, in queue <pbatch>, as user <haridev> in cluster <lassen> at Wed Sep 14 16:43:46 2022
                            <40*lassen736>
</g/g92/haridev> was used as the home directory.
</usr/workspace/iopp/software/tailorfs/scripts> was used as the working directory.
Started at Wed Sep 14 16:43:46 2022
Terminated at Wed Sep 14 17:51:29 2022
Results reported at Wed Sep 14 17:51:29 2022

Your job looked like:

------------------------------------------------------------
# LSBATCH: User input
/usr/workspace/iopp/software/tailorfs/scripts/paper_benefit.sh 1 64
------------------------------------------------------------

Successfully completed.

Resource usage summary:

    CPU time :                                   182.00 sec.
    Max Memory :                                 3482 MB
    Average Memory :                             75.48 MB
    Total Requested Memory :                     -
    Delta Memory :                               -
    Max Swap :                                   4476 MB
    Max Processes :                              36
    Max Threads :                                59
    Run time :                                   4065 sec.
    Turnaround time :                            4067 sec.

The output (if any) is above this job summary.

