
------------------------------------------------------------
Sender: LSF System <lsfadmin@lassen710>
Subject: Job 3907656: <paper_benefit.sh_64_64> in cluster <lassen> Exited

Job <paper_benefit.sh_64_64> was submitted from host <lassen709> by user <haridev> in cluster <lassen> at Wed Sep 14 14:06:30 2022
Job was executed on host(s) <1*lassen710>, in queue <pbatch>, as user <haridev> in cluster <lassen> at Wed Sep 14 14:39:40 2022
                            <40*lassen408>
                            <40*lassen254>
                            <40*lassen90>
                            <40*lassen426>
                            <40*lassen756>
                            <40*lassen272>
                            <40*lassen757>
                            <40*lassen429>
                            <40*lassen277>
                            <40*lassen430>
                            <40*lassen431>
                            <40*lassen102>
                            <40*lassen103>
                            <40*lassen433>
                            <40*lassen434>
                            <40*lassen105>
                            <40*lassen106>
                            <40*lassen764>
                            <40*lassen766>
                            <40*lassen767>
                            <40*lassen446>
                            <40*lassen118>
                            <40*lassen780>
                            <40*lassen452>
                            <40*lassen611>
                            <40*lassen131>
                            <40*lassen616>
                            <40*lassen143>
                            <40*lassen628>
                            <40*lassen641>
                            <40*lassen642>
                            <40*lassen645>
                            <40*lassen162>
                            <40*lassen164>
                            <40*lassen165>
                            <40*lassen166>
                            <40*lassen498>
                            <40*lassen499>
                            <40*lassen804>
                            <40*lassen805>
                            <40*lassen806>
                            <40*lassen807>
                            <40*lassen808>
                            <40*lassen652>
                            <40*lassen653>
                            <40*lassen655>
                            <40*lassen170>
                            <40*lassen656>
                            <40*lassen327>
                            <40*lassen657>
                            <40*lassen172>
                            <40*lassen658>
                            <40*lassen173>
                            <40*lassen659>
                            <40*lassen174>
                            <40*lassen176>
                            <40*lassen810>
                            <40*lassen811>
                            <40*lassen813>
                            <40*lassen334>
                            <40*lassen732>
                            <40*lassen516>
                            <40*lassen360>
                            <40*lassen362>
</g/g92/haridev> was used as the home directory.
</usr/workspace/iopp/software/tailorfs/scripts> was used as the working directory.
Started at Wed Sep 14 14:39:40 2022
Terminated at Wed Sep 14 14:53:01 2022
Results reported at Wed Sep 14 14:53:01 2022

Your job looked like:

------------------------------------------------------------
# LSBATCH: User input
/usr/workspace/iopp/software/tailorfs/scripts/paper_benefit.sh 64 64
------------------------------------------------------------

TERM_OWNER: job killed by owner.
Exited with signal termination: 14.

Resource usage summary:

    CPU time :                                   113.00 sec.
    Max Memory :                                 1561 MB
    Average Memory :                             256.86 MB
    Total Requested Memory :                     -
    Delta Memory :                               -
    Max Swap :                                   3342 MB
    Max Processes :                              37
    Max Threads :                                60
    Run time :                                   801 sec.
    Turnaround time :                            2791 sec.

The output (if any) is above this job summary.

/usr/workspace/iopp/install_scripts/bin/iopp-init: line 11: module: command not found
/usr/workspace/iopp/software/tailorfs /usr/workspace/iopp/software/tailorfs/scripts
mkdir: cannot create directory 'build_64': File exists
/usr/workspace/iopp/software/tailorfs/build_64 /usr/workspace/iopp/software/tailorfs /usr/workspace/iopp/software/tailorfs/scripts
-- The C compiler identification is GNU 8.3.1
-- The CXX compiler identification is GNU 8.3.1
-- Detecting C compiler ABI info
-- Detecting C compiler ABI info - done
-- Check for working C compiler: /usr/tce/packages/gcc/gcc-8.3.1/bin/gcc - skipped
-- Detecting C compile features
-- Detecting C compile features - done
-- Detecting CXX compiler ABI info
-- Detecting CXX compiler ABI info - done
-- Check for working CXX compiler: /usr/tce/packages/gcc/gcc-8.3.1/bin/g++ - skipped
-- Detecting CXX compile features
-- Detecting CXX compile features - done
-- /usr/local/bin
-- /usr/workspace/iopp/software/tailorfs/dependency/.spack-env/view/usr/workspace/iopp/software/tailorfs/build_64/lib/cmake/usr/workspace/iopp/software/tailorfs/external/brahma/dependency/.spack-env/view/usr/workspace/iopp/software/tailorfs/build_64/lib/cmake
-- /usr/local/bin
-- Found cpp-logger: TRUE  
-- [CPP_LOGGER] found cpp-logger at /usr/workspace/iopp/software/tailorfs/build_64/include
-- [Gotcha] found gotcha at /usr/workspace/iopp/software/tailorfs/dependency/.spack-env/view/include/
-- Found MPI_CXX: /usr/tce/packages/spectrum-mpi/ibm/spectrum-mpi-2020.08.19/lib/libmpiprofilesupport.so (found version "3.1") 
-- Found MPI: TRUE (found version "3.1") found components: CXX 
-- [MPI] found mpi.h at /usr/tce/packages/spectrum-mpi/ibm/spectrum-mpi-2020.08.19/include
-- /usr/local/bin
-- [CPP_LOGGER] found cpp-logger at /usr/workspace/iopp/software/tailorfs/build_64/include
-- Found nlohmann_json: /usr/workspace/iopp/software/tailorfs/dependency/.spack-env/view/lib64/cmake/nlohmann_json/nlohmann_jsonConfig.cmake (found suitable version "3.10.5", minimum required is "3.10.5") 
-- found nlohmann_json
-- found mpi.h at /usr/tce/packages/spectrum-mpi/ibm/spectrum-mpi-2020.08.19/include
-- Looking for pthread.h
-- Looking for pthread.h - found
-- Performing Test CMAKE_HAVE_LIBC_PTHREAD
-- Performing Test CMAKE_HAVE_LIBC_PTHREAD - Failed
-- Looking for pthread_create in pthreads
-- Looking for pthread_create in pthreads - not found
-- Looking for pthread_create in pthread
-- Looking for pthread_create in pthread - found
-- Found Threads: TRUE  
-- Found mimir: TRUE  
-- [MIMIR] found mimir at /usr/workspace/iopp/software/tailorfs/build_64/include
-- [CPP_LOGGER] found cpp-logger at /usr/workspace/iopp/software/tailorfs/build_64/include
-- Found brahma: TRUE  
-- [BRAHMA] found brahma at /usr/workspace/iopp/software/tailorfs/build_64/include
-- UNIFYFS_INCLUDE_DIRS: /usr/workspace/iopp/software/tailorfs/dependency/.spack-env/view/include
-- UNIFYFS_ROOT_DIR: /usr/workspace/iopp/software/tailorfs/dependency/.spack-env/view
-- UNIFYFS_LIBRARY_PATH: /usr/workspace/iopp/software/tailorfs/dependency/.spack-env/view/lib
-- Found unifyfs: TRUE  
-- [UnifyFS] found headers at /usr/workspace/iopp/software/tailorfs/dependency/.spack-env/view/include
-- [MPI] found mpi.h at /usr/tce/packages/spectrum-mpi/ibm/spectrum-mpi-2020.08.19/include
-- Number of nodes: 64
-- Number of nodes: 64
-- Number of nodes: 64
-- Number of nodes: 64
-- Configuring done
-- Generating done
-- Build files have been written to: /usr/workspace/iopp/software/tailorfs/build_64
[  2%] Building CXX object external/cpp-logger/CMakeFiles/cpp-logger.dir/src/cpp-logger/logger.cpp.o
[  4%] Building CXX object test/micro_benchmark/CMakeFiles/io_tests.dir/io_tests.cpp.o
[  6%] Building CXX object test/unifyfs/CMakeFiles/unifyfs_basic.dir/unifyfs_basic.cpp.o
[  9%] Linking CXX shared library ../../lib/libcpp-logger.so
[  9%] Built target cpp-logger
[ 13%] Building CXX object external/brahma/CMakeFiles/brahma.dir/src/brahma/mpi.cpp.o
[ 13%] Building CXX object external/mimir/CMakeFiles/mimir.dir/src/mimir/api/application.cpp.o
[ 23%] Building CXX object external/brahma/CMakeFiles/brahma.dir/src/brahma/interface/interface.cpp.o
[ 23%] Building CXX object external/mimir/CMakeFiles/mimir.dir/src/mimir/api/workflow.cpp.o
[ 25%] Building CXX object external/brahma/CMakeFiles/brahma.dir/src/brahma/interface/stdio.cpp.o
[ 25%] Building CXX object external/brahma/CMakeFiles/brahma.dir/src/brahma/interface/posix.cpp.o
[ 32%] Building CXX object external/brahma/CMakeFiles/brahma.dir/src/brahma/interface/mpiio.cpp.o
[ 34%] Building CXX object external/mimir/CMakeFiles/mimir.dir/src/mimir/api/posix.cpp.o
[ 34%] Building CXX object external/mimir/CMakeFiles/mimir.dir/src/mimir/common/debug.cpp.o
[ 34%] Building CXX object external/brahma/CMakeFiles/brahma.dir/src/brahma/interceptor.cpp.o
[ 34%] Building CXX object external/mimir/CMakeFiles/mimir.dir/src/mimir/advice/advice.cpp.o
[ 37%] Building CXX object external/brahma/CMakeFiles/brahma.dir/src/brahma/brahma.cpp.o
[ 39%] Building CXX object external/mimir/CMakeFiles/mimir.dir/src/mimir/api/job_configuration.cpp.o
[ 41%] Building CXX object external/brahma/CMakeFiles/brahma.dir/src/brahma/interface/interface_utility.cpp.o
[ 44%] Building CXX object external/mimir/CMakeFiles/mimir.dir/src/mimir/api/mimir_interceptor.cpp.o
[ 46%] Linking CXX shared library ../../lib/libbrahma.so
[ 46%] Built target brahma
[ 48%] Linking CXX executable ../../bin/io_tests
[ 51%] Linking CXX executable ../../bin/unifyfs_basic
[ 51%] Built target io_tests
[ 51%] Built target unifyfs_basic
[ 53%] Linking CXX shared library ../../lib/libmimir.so
[ 53%] Built target mimir
[ 55%] Building CXX object test/mimir/CMakeFiles/mimir_test.dir/mimir_test.cpp.o
[ 65%] Building CXX object CMakeFiles/tailorfs.dir/src/tailorfs/brahma/posix.cpp.o
[ 65%] Building CXX object CMakeFiles/tailorfs.dir/src/tailorfs/brahma/stdio.cpp.o
[ 65%] Building CXX object CMakeFiles/tailorfs.dir/src/tailorfs/brahma/mpi.cpp.o
[ 67%] Building CXX object CMakeFiles/tailorfs.dir/src/tailorfs/brahma/mpiio.cpp.o
[ 67%] Building CXX object CMakeFiles/tailorfs.dir/src/tailorfs/core/fsview_manager.cpp.o
[ 74%] Building CXX object CMakeFiles/tailorfs.dir/src/tailorfs/core/fsview/posix_fsview.cpp.o
[ 74%] Building CXX object CMakeFiles/tailorfs.dir/src/tailorfs/core/process_state.cpp.o
[ 76%] Building CXX object CMakeFiles/tailorfs.dir/src/tailorfs/core/fsview/mpiio_fsview.cpp.o
[ 79%] Building CXX object CMakeFiles/tailorfs.dir/main.cpp.o
[ 81%] Building CXX object CMakeFiles/tailorfs.dir/src/tailorfs/tailorfs.cpp.o
[ 81%] Building CXX object CMakeFiles/tailorfs.dir/src/tailorfs/core/fsview/unifyfs_fsview.cpp.o
[ 83%] Building CXX object CMakeFiles/tailorfs.dir/src/tailorfs/core/fsview/stdio_fsview.cpp.o
[ 86%] Building CXX object CMakeFiles/tailorfs.dir/src/tailorfs/util/unifyfs-stage-transfer.cpp.o
[ 88%] Linking CXX shared library lib/libtailorfs.so
[ 88%] Built target tailorfs
[ 90%] Building CXX object CMakeFiles/tailorfs_exe.dir/main.cpp.o
[ 93%] Building CXX object test/internal/CMakeFiles/internal_test.dir/internal_test.cpp.o
[ 95%] Linking CXX executable ../../bin/mimir_test
[ 95%] Built target mimir_test
[ 97%] Linking CXX executable bin/tailorfs_exe
[ 97%] Built target tailorfs_exe
[100%] Linking CXX executable ../../bin/internal_test
[100%] Built target internal_test
Test project /usr/workspace/iopp/software/tailorfs/build_64
No tests were found!!!
Timing, TailorFS
UpdateCTestConfiguration  from :/usr/workspace/iopp/software/tailorfs/build_64/DartConfiguration.tcl
UpdateCTestConfiguration  from :/usr/workspace/iopp/software/tailorfs/build_64/DartConfiguration.tcl
Test project /usr/workspace/iopp/software/tailorfs/build_64
Constructing a list of tests
Done constructing a list of tests
Updating test list for fixtures
Added 0 tests to meet fixture requirements
Checking test dependency graph...
Checking test dependency graph end
No tests were found!!!
Timing, Baseline
UpdateCTestConfiguration  from :/usr/workspace/iopp/software/tailorfs/build_64/DartConfiguration.tcl
UpdateCTestConfiguration  from :/usr/workspace/iopp/software/tailorfs/build_64/DartConfiguration.tcl
Test project /usr/workspace/iopp/software/tailorfs/build_64
Constructing a list of tests
Done constructing a list of tests
Updating test list for fixtures
Added 0 tests to meet fixture requirements
Checking test dependency graph...
Checking test dependency graph end
No tests were found!!!

------------------------------------------------------------
Sender: LSF System <lsfadmin@lassen710>
Subject: Job 3908278: <paper_benefit.sh_64_64> in cluster <lassen> Done

Job <paper_benefit.sh_64_64> was submitted from host <lassen709> by user <haridev> in cluster <lassen> at Wed Sep 14 16:43:45 2022
Job was executed on host(s) <1*lassen710>, in queue <pbatch>, as user <haridev> in cluster <lassen> at Wed Sep 14 17:06:34 2022
                            <40*lassen415>
                            <40*lassen416>
                            <40*lassen417>
                            <40*lassen419>
                            <40*lassen597>
                            <40*lassen598>
                            <40*lassen420>
                            <40*lassen421>
                            <40*lassen423>
                            <40*lassen424>
                            <40*lassen753>
                            <40*lassen271>
                            <40*lassen756>
                            <40*lassen272>
                            <40*lassen757>
                            <40*lassen429>
                            <40*lassen274>
                            <40*lassen275>
                            <40*lassen276>
                            <40*lassen277>
                            <40*lassen278>
                            <40*lassen280>
                            <40*lassen281>
                            <40*lassen439>
                            <40*lassen284>
                            <40*lassen285>
                            <40*lassen110>
                            <40*lassen111>
                            <40*lassen440>
                            <40*lassen112>
                            <40*lassen113>
                            <40*lassen442>
                            <40*lassen114>
                            <40*lassen444>
                            <40*lassen116>
                            <40*lassen445>
                            <40*lassen117>
                            <40*lassen447>
                            <40*lassen448>
                            <40*lassen449>
                            <40*lassen779>
                            <40*lassen601>
                            <40*lassen603>
                            <40*lassen604>
                            <40*lassen120>
                            <40*lassen605>
                            <40*lassen121>
                            <40*lassen606>
                            <40*lassen451>
                            <40*lassen608>
                            <40*lassen454>
                            <40*lassen455>
                            <40*lassen127>
                            <40*lassen456>
                            <40*lassen128>
                            <40*lassen457>
                            <40*lassen458>
                            <40*lassen459>
                            <40*lassen460>
                            <40*lassen132>
                            <40*lassen134>
                            <40*lassen138>
                            <40*lassen139>
                            <40*lassen141>
</g/g92/haridev> was used as the home directory.
</usr/workspace/iopp/software/tailorfs/scripts> was used as the working directory.
Started at Wed Sep 14 17:06:34 2022
Terminated at Wed Sep 14 17:51:29 2022
Results reported at Wed Sep 14 17:51:29 2022

Your job looked like:

------------------------------------------------------------
# LSBATCH: User input
/usr/workspace/iopp/software/tailorfs/scripts/paper_benefit.sh 64 64
------------------------------------------------------------

Successfully completed.

Resource usage summary:

    CPU time :                                   159.00 sec.
    Max Memory :                                 1770 MB
    Average Memory :                             68.54 MB
    Total Requested Memory :                     -
    Delta Memory :                               -
    Max Swap :                                   3390 MB
    Max Processes :                              32
    Max Threads :                                55
    Run time :                                   2694 sec.
    Turnaround time :                            4064 sec.

The output (if any) is above this job summary.

