/usr/workspace/iopp/install_scripts/bin/iopp-init: line 11: module: command not found

==> Error: Keyboard interrupt.
Exception ignored in: <_io.TextIOWrapper name='<stdout>' mode='w' encoding='utf-8'>
BrokenPipeError: [Errno 32] Broken pipe

------------------------------------------------------------
Sender: LSF System <lsfadmin@lassen710>
Subject: Job 3898269: <paper_motivation.sh_3> in cluster <lassen> Exited

Job <paper_motivation.sh_3> was submitted from host <lassen709> by user <haridev> in cluster <lassen> at Fri Sep  9 10:49:34 2022
Job was executed on host(s) <1*lassen710>, in queue <pbatch>, as user <haridev> in cluster <lassen> at Fri Sep  9 10:49:35 2022
                            <40*lassen191>
                            <40*lassen193>
                            <40*lassen77>
</g/g92/haridev> was used as the home directory.
</usr/workspace/iopp/software/tailorfs/scripts> was used as the working directory.
Started at Fri Sep  9 10:49:35 2022
Terminated at Fri Sep  9 10:49:40 2022
Results reported at Fri Sep  9 10:49:40 2022

Your job looked like:

------------------------------------------------------------
# LSBATCH: User input
/usr/workspace/iopp/software/tailorfs/scripts/paper_motivation.sh 3 1024
------------------------------------------------------------

TERM_OWNER: job killed by owner.
Exited with exit code 130.

Resource usage summary:

    CPU time :                                   0.04 sec.
    Max Memory :                                 -
    Average Memory :                             -
    Total Requested Memory :                     -
    Delta Memory :                               -
    Max Swap :                                   -
    Max Processes :                              -
    Max Threads :                                -
    Run time :                                   5 sec.
    Turnaround time :                            6 sec.

The output (if any) is above this job summary.

